0	1	mikroCPIC32.exe -MSF -DBG -pP32MX460F512L -RA -DL -SSA -EBASE 0x9FC01000 -INTDEF MV_SRS7_IS32 -O11111114 -fo80 -N"C:\Users\cfan\Dropbox\Dave's\Mikroc32\I2C_LCD\I2C_LCD.mcp32" -SP"C:\Users\Public\Documents\Mikroelektronika\mikroC PRO for PIC32\Defs\" -SP"C:\Users\Public\Documents\Mikroelektronika\mikroC PRO for PIC32\Uses\" -SP"C:\Users\cfan\Dropbox\Dave's\Mikroc32\I2C_LCD\" -IP"C:\Users\Public\Documents\Mikroelektronika\mikroC PRO for PIC32\Uses\" -IP"C:\Users\cfan\Dropbox\Dave's\Mikroc32\I2C_LCD\" "I2C_LCD.c" "I2C_LCD_Main.c" "__Lib_CP0.emcl" "__Lib_Math.emcl" "__Lib_MathDouble.emcl" "__Lib_System.emcl" "__Lib_SoftResetDma.emcl" "__Lib_Delays.emcl" "__Lib_I2C_12.emcl"	 
diagnostics: 0	122	Compilation Started	P32MX460F512L.c
diagnostics: 15369	123	Compiled Successfully	P32MX460F512L.c
diagnostics: 0	122	Compilation Started	__Lib_Delays.c
diagnostics: 176	123	Compiled Successfully	__Lib_Delays.c
diagnostics: 0	122	Compilation Started	i2c_lcd.h
hint: 10	1163	Variable 'dummy' has been declared, but not used	I2C_LCD.c
warning: 22	1503	Result is not defined in function: 'I2C_PCF8574_Write'	I2C_LCD.c
diagnostics: 154	123	Compiled Successfully	I2C_LCD.c
hint: 10	1164	Variable 'S' has been eliminated by optimizer	I2C_LCD.c
diagnostics: 0	122	Compilation Started	i2c_lcd.h
diagnostics: 50	123	Compiled Successfully	I2C_LCD_Main.c
hint: 15	1164	Variable 'k' has been eliminated by optimizer	I2C_LCD_Main.c
diagnostics: 0	127	All files Compiled in 156 ms	 
hint: 0	1144	Used RX: 13 (41%)   Free RX: 19 (59%)	Used RX: 13 (41%)   Free RX: 19 (59%)
hint: 0	1144	Static RAM (bytes): 45   Dynamic RAM (bytes): 32717	Static RAM (bytes): 45   Dynamic RAM (bytes): 32717
hint: 0	1144	Used ROM (bytes): 3749 (1%)  Free ROM (bytes): 520539 (99%)	Used ROM (bytes): 3749 (1%)  Free ROM (bytes): 520539 (99%)
hint: 0	1144	Used BOOTROM (bytes): 320 (3%)  Free BOOTROM (bytes): 11953 (97%)	Used BOOTROM (bytes): 320 (3%)  Free BOOTROM (bytes): 11953 (97%)
diagnostics: 0	125	Project Linked Successfully	I2C_LCD.mcp32
diagnostics: 0	128	Linked in 78 ms	 
diagnostics: 0	129	Project 'I2C_LCD.mcp32' completed: 578 ms	 
diagnostics: 0	103	Finished successfully: 04 Mar 2019, 19:22:34	I2C_LCD.mcp32
