;  LST file generated by mikroListExporter - v.2.0 
; Date/Time: 8/28/2020 1:15:45 PM
;----------------------------------------------

;Address Opcode 	ASM
____SysVT:
0x9FC01180	0x0B4002E0  J	___GenExcept
0x9FC01184	0x70000000  NOP	
; end of ____SysVT
____BootVT:
0xBFC00380	0x3C1E9D00  LUI	R30, 40192
0xBFC00384	0x37DE0B98  ORI	R30, R30, 2968
0xBFC00388	0x03C00008  JR	R30
0xBFC0038C	0x70000000  NOP	
; end of ____BootVT
_main:
;I2C_LCD_Main.c, 9 :: 		void main() {
0x9D000BB0	0x27BDFFFC  ADDIU	SP, SP, -4
0x9D000BB4	0x0F40039E  JAL	2634026616
0x9D000BB8	0x70000000  NOP	
0x9D000BBC	0x0F400373  JAL	2634026444
0x9D000BC0	0x70000000  NOP	
;I2C_LCD_Main.c, 10 :: 		int i = 0;
;I2C_LCD_Main.c, 11 :: 		int j = 1;
;I2C_LCD_Main.c, 12 :: 		int k = 0;
;I2C_LCD_Main.c, 14 :: 		TRISE3_bit = 0;
0x9D000BC4	0x34020008  ORI	R2, R0, 0x0008
0x9D000BC8	0x3C1EBF88  LUI	R30, 49032
0x9D000BCC	0xA3C26104  SB	R2, 24836(R30)
;I2C_LCD_Main.c, 15 :: 		AD1PCFG = 0xFFFFFFFF;
0x9D000BD0	0x3C02FFFF  LUI	R2, 65535
0x9D000BD4	0x3442FFFF  ORI	R2, R2, 65535
0x9D000BD8	0x3C1EBF81  LUI	R30, 49025
0x9D000BDC	0xAFC29060  SW	R2, -28576(R30)
;I2C_LCD_Main.c, 16 :: 		JTAGEN_bit = 0;
0x9D000BE0	0x3C1EBF81  LUI	R30, 49025
0x9D000BE4	0x83C2F200  LB	R2, -3584(R30)
0x9D000BE8	0x7C0218C4  INS	R2, R0, 3, 1
0x9D000BEC	0x3C1EBF81  LUI	R30, 49025
0x9D000BF0	0xA3C2F200  SB	R2, -3584(R30)
;I2C_LCD_Main.c, 17 :: 		I2C2_Init(100000);//INIT I2C AT 100KHZ
0x9D000BF4	0x3C190001  LUI	R25, 1
0x9D000BF8	0x0F4002C6  JAL	_I2C2_Init+0
0x9D000BFC	0x373986A0  ORI	R25, R25, 34464
;I2C_LCD_Main.c, 18 :: 		I2C_Set_Active(&I2C2_Start, &I2C2_Restart, &I2C2_Read, &I2C2_Write, &I2C2_Stop,&I2C2_Is_Idle); // Sets the I2C1 module active
0x9D000C00	0x3C1C9D00  LUI	R28, hi_addr(_I2C2_Write+0)
0x9D000C04	0x379C0000  ORI	R28, R28, lo_addr(_I2C2_Write+0)
0x9D000C08	0x3C1BFFFF  LUI	R27, hi_addr(_I2C2_Read+0)
0x9D000C0C	0x377BFFFF  ORI	R27, R27, lo_addr(_I2C2_Read+0)
0x9D000C10	0x3C1AFFFF  LUI	R26, hi_addr(_I2C2_Restart+0)
0x9D000C14	0x375AFFFF  ORI	R26, R26, lo_addr(_I2C2_Restart+0)
0x9D000C18	0x3C199D00  LUI	R25, hi_addr(_I2C2_Start+0)
0x9D000C1C	0x373900C4  ORI	R25, R25, lo_addr(_I2C2_Start+0)
0x9D000C20	0x3C029D00  LUI	R2, hi_addr(_I2C2_Is_Idle+0)
0x9D000C24	0x34420248  ORI	R2, R2, lo_addr(_I2C2_Is_Idle+0)
0x9D000C28	0x27BDFFF8  ADDIU	SP, SP, -8
0x9D000C2C	0xAFA20004  SW	R2, 4(SP)
0x9D000C30	0x3C029D00  LUI	R2, hi_addr(_I2C2_Stop+0)
0x9D000C34	0x34420174  ORI	R2, R2, lo_addr(_I2C2_Stop+0)
0x9D000C38	0x0F400258  JAL	_I2C_Set_Active+0
0x9D000C3C	0xAFA20000  SW	R2, 0(SP)
0x9D000C40	0x27BD0008  ADDIU	SP, SP, 8
;I2C_LCD_Main.c, 19 :: 		Delay_ms(100);
0x9D000C44	0x3C180028  LUI	R24, 40
0x9D000C48	0x3718B0AA  ORI	R24, R24, 45226
L_main0:
0x9D000C4C	0x2718FFFF  ADDIU	R24, R24, -1
0x9D000C50	0x1700FFFE  BNE	R24, R0, L_main0
0x9D000C54	0x70000000  NOP	
;I2C_LCD_Main.c, 20 :: 		I2C_LCD_init(LCD_01_ADDRESS);
0x9D000C58	0x0F400263  JAL	_I2C_LCD_init+0
0x9D000C5C	0x90398000  LBU	R25, Offset(_LCD_01_ADDRESS+0)(GP)
;I2C_LCD_Main.c, 21 :: 		Delay_ms(100);
0x9D000C60	0x3C180028  LUI	R24, 40
0x9D000C64	0x3718B0AA  ORI	R24, R24, 45226
L_main2:
0x9D000C68	0x2718FFFF  ADDIU	R24, R24, -1
0x9D000C6C	0x1700FFFE  BNE	R24, R0, L_main2
0x9D000C70	0x70000000  NOP	
;I2C_LCD_Main.c, 22 :: 		I2C_Lcd_Cmd(LCD_01_ADDRESS,_LCD_FIRST_ROW,1);
0x9D000C74	0x341B0001  ORI	R27, R0, 1
0x9D000C78	0x341A0001  ORI	R26, R0, 1
0x9D000C7C	0x0F40018E  JAL	_I2C_Lcd_Cmd+0
0x9D000C80	0x90398000  LBU	R25, Offset(_LCD_01_ADDRESS+0)(GP)
;I2C_LCD_Main.c, 23 :: 		I2C_Lcd_Cmd(LCD_01_ADDRESS,_LCD_CURSOR_OFF,1);     // Cursor off
0x9D000C84	0x341B0001  ORI	R27, R0, 1
0x9D000C88	0x341A0007  ORI	R26, R0, 7
0x9D000C8C	0x0F40018E  JAL	_I2C_Lcd_Cmd+0
0x9D000C90	0x90398000  LBU	R25, Offset(_LCD_01_ADDRESS+0)(GP)
;I2C_LCD_Main.c, 24 :: 		I2C_Lcd_Cmd(LCD_01_ADDRESS,_LCD_CLEAR,1);          // Clear display
0x9D000C94	0x341B0001  ORI	R27, R0, 1
0x9D000C98	0x341A0005  ORI	R26, R0, 5
0x9D000C9C	0x0F40018E  JAL	_I2C_Lcd_Cmd+0
0x9D000CA0	0x90398000  LBU	R25, Offset(_LCD_01_ADDRESS+0)(GP)
;I2C_LCD_Main.c, 25 :: 		Delay_ms(1000);
0x9D000CA4	0x3C180196  LUI	R24, 406
0x9D000CA8	0x3718E6AA  ORI	R24, R24, 59050
L_main4:
0x9D000CAC	0x2718FFFF  ADDIU	R24, R24, -1
0x9D000CB0	0x1700FFFE  BNE	R24, R0, L_main4
0x9D000CB4	0x70000000  NOP	
;I2C_LCD_Main.c, 26 :: 		i=1;j=0;
0x9D000CB8	0xA7A00002  SH	R0, 2(SP)
;I2C_LCD_Main.c, 27 :: 		while(1){
L_main6:
;I2C_LCD_Main.c, 28 :: 		j++;
0x9D000CBC	0x87A20002  LH	R2, 2(SP)
0x9D000CC0	0x24430001  ADDIU	R3, R2, 1
0x9D000CC4	0xA7A30002  SH	R3, 2(SP)
;I2C_LCD_Main.c, 29 :: 		i=1;
0x9D000CC8	0x34020001  ORI	R2, R0, 1
0x9D000CCC	0xA7A20000  SH	R2, 0(SP)
;I2C_LCD_Main.c, 30 :: 		I2C_LCD_Out(LCD_01_ADDRESS,j,1,txt);
0x9D000CD0	0x3C1CA000  LUI	R28, hi_addr(_txt+0)
0x9D000CD4	0x379C0001  ORI	R28, R28, lo_addr(_txt+0)
0x9D000CD8	0x341B0001  ORI	R27, R0, 1
0x9D000CDC	0x7C03D620  SEH	R26, R3
0x9D000CE0	0x0F40022D  JAL	_I2C_LCD_Out+0
0x9D000CE4	0x90398000  LBU	R25, Offset(_LCD_01_ADDRESS+0)(GP)
;I2C_LCD_Main.c, 31 :: 		if(j > 4){
0x9D000CE8	0x87A20002  LH	R2, 2(SP)
0x9D000CEC	0x28420005  SLTI	R2, R2, 5
0x9D000CF0	0x14400003  BNE	R2, R0, L_main8
0x9D000CF4	0x70000000  NOP	
L__main18:
;I2C_LCD_Main.c, 32 :: 		j=1;
0x9D000CF8	0x34020001  ORI	R2, R0, 1
0x9D000CFC	0xA7A20002  SH	R2, 2(SP)
;I2C_LCD_Main.c, 33 :: 		}
L_main8:
;I2C_LCD_Main.c, 34 :: 		while( i < 10){
L_main9:
0x9D000D00	0x87A20000  LH	R2, 0(SP)
0x9D000D04	0x2842000A  SLTI	R2, R2, 10
0x9D000D08	0x10400010  BEQ	R2, R0, L_main10
0x9D000D0C	0x70000000  NOP	
L__main19:
;I2C_LCD_Main.c, 35 :: 		Delay_ms(500);
0x9D000D10	0x3C1800CB  LUI	R24, 203
0x9D000D14	0x37187354  ORI	R24, R24, 29524
L_main11:
0x9D000D18	0x2718FFFF  ADDIU	R24, R24, -1
0x9D000D1C	0x1700FFFE  BNE	R24, R0, L_main11
0x9D000D20	0x70000000  NOP	
0x9D000D24	0x70000000  NOP	
0x9D000D28	0x70000000  NOP	
;I2C_LCD_Main.c, 36 :: 		I2C_Lcd_Cmd(LCD_01_ADDRESS,_LCD_SHIFT_RIGHT ,1);
0x9D000D2C	0x341B0001  ORI	R27, R0, 1
0x9D000D30	0x341A000F  ORI	R26, R0, 15
0x9D000D34	0x0F40018E  JAL	_I2C_Lcd_Cmd+0
0x9D000D38	0x90398000  LBU	R25, Offset(_LCD_01_ADDRESS+0)(GP)
;I2C_LCD_Main.c, 37 :: 		i++;
0x9D000D3C	0x87A20000  LH	R2, 0(SP)
0x9D000D40	0x24420001  ADDIU	R2, R2, 1
;I2C_LCD_Main.c, 38 :: 		}
0x9D000D44	0x0B400340  J	L_main9
0x9D000D48	0xA7A20000  SH	R2, 0(SP)
L_main10:
;I2C_LCD_Main.c, 39 :: 		while( i > 0){
L_main13:
0x9D000D4C	0x87A20000  LH	R2, 0(SP)
0x9D000D50	0x28420001  SLTI	R2, R2, 1
0x9D000D54	0x14400010  BNE	R2, R0, L_main14
0x9D000D58	0x70000000  NOP	
L__main20:
;I2C_LCD_Main.c, 40 :: 		Delay_ms(500);
0x9D000D5C	0x3C1800CB  LUI	R24, 203
0x9D000D60	0x37187354  ORI	R24, R24, 29524
L_main15:
0x9D000D64	0x2718FFFF  ADDIU	R24, R24, -1
0x9D000D68	0x1700FFFE  BNE	R24, R0, L_main15
0x9D000D6C	0x70000000  NOP	
0x9D000D70	0x70000000  NOP	
0x9D000D74	0x70000000  NOP	
;I2C_LCD_Main.c, 41 :: 		I2C_Lcd_Cmd(LCD_01_ADDRESS,_LCD_SHIFT_LEFT ,1);
0x9D000D78	0x341B0001  ORI	R27, R0, 1
0x9D000D7C	0x341A000E  ORI	R26, R0, 14
0x9D000D80	0x0F40018E  JAL	_I2C_Lcd_Cmd+0
0x9D000D84	0x90398000  LBU	R25, Offset(_LCD_01_ADDRESS+0)(GP)
;I2C_LCD_Main.c, 42 :: 		i--;
0x9D000D88	0x87A20000  LH	R2, 0(SP)
0x9D000D8C	0x2442FFFF  ADDIU	R2, R2, -1
;I2C_LCD_Main.c, 43 :: 		}
0x9D000D90	0x0B400353  J	L_main13
0x9D000D94	0xA7A20000  SH	R2, 0(SP)
L_main14:
;I2C_LCD_Main.c, 44 :: 		I2C_Lcd_Cmd(LCD_01_ADDRESS,_LCD_CLEAR,1);          // Clear display
0x9D000D98	0x341B0001  ORI	R27, R0, 1
0x9D000D9C	0x341A0005  ORI	R26, R0, 5
0x9D000DA0	0x0F40018E  JAL	_I2C_Lcd_Cmd+0
0x9D000DA4	0x90398000  LBU	R25, Offset(_LCD_01_ADDRESS+0)(GP)
;I2C_LCD_Main.c, 45 :: 		}
0x9D000DA8	0x0B40032F  J	L_main6
0x9D000DAC	0x70000000  NOP	
;I2C_LCD_Main.c, 46 :: 		}
L_end_main:
L__main_end_loop:
0x9D000DB0	0x0B40036C  J	L__main_end_loop
0x9D000DB4	0x70000000  NOP	
; end of _main
___CC2DW:
;__Lib_System.c, 4 :: 		
0x9D000920	0x27BDFFFC  ADDIU	SP, SP, -4
;__Lib_System.c, 6 :: 		
L_loopDW:
;__Lib_System.c, 7 :: 		
0x9D000924	0x831E0000  LB	R30, 0(R24)
;__Lib_System.c, 8 :: 		
0x9D000928	0xA2FE0000  SB	R30, 0(R23)
;__Lib_System.c, 9 :: 		
0x9D00092C	0x26F70001  ADDIU	R23, R23, 1
;__Lib_System.c, 10 :: 		
0x9D000930	0x16F6FFFC  BNE	R23, R22, L_loopDW
;__Lib_System.c, 11 :: 		
0x9D000934	0x27180001  ADDIU	R24, R24, 1
;__Lib_System.c, 13 :: 		
L_end___CC2DW:
0x9D000938	0x03E00008  JR	RA
0x9D00093C	0x27BD0004  ADDIU	SP, SP, 4
; end of ___CC2DW
___FillZeros:
;__Lib_System.c, 161 :: 		
0x9D000940	0x27BDFFFC  ADDIU	SP, SP, -4
;__Lib_System.c, 163 :: 		
L___FillZeros0:
;__Lib_System.c, 164 :: 		
0x9D000944	0x12F60004  BEQ	R23, R22, L___FillZeros1
;__Lib_System.c, 165 :: 		
0x9D000948	0x70000000  NOP	
;__Lib_System.c, 166 :: 		
L____FillZeros4:
;__Lib_System.c, 167 :: 		
0x9D00094C	0xAEE00000  SW	R0, 0(R23)
;__Lib_System.c, 168 :: 		
0x9D000950	0x0B400251  J	L___FillZeros0
;__Lib_System.c, 169 :: 		
0x9D000954	0x26F70004  ADDIU	R23, R23, 4
;__Lib_System.c, 170 :: 		
L___FillZeros1:
;__Lib_System.c, 172 :: 		
L_end___FillZeros:
0x9D000958	0x03E00008  JR	RA
0x9D00095C	0x27BD0004  ADDIU	SP, SP, 4
; end of ___FillZeros
_I2C2_Init:
;__Lib_I2C_12.c, 445 :: 		
0x9D000B18	0x27BDFFF8  ADDIU	SP, SP, -8
0x9D000B1C	0xAFBF0000  SW	RA, 0(SP)
;__Lib_I2C_12.c, 449 :: 		
0x9D000B20	0x0F40015F  JAL	__Lib_I2C_12_SetI2C2Ptrs+0
0x9D000B24	0xAFB90004  SW	R25, 4(SP)
;__Lib_I2C_12.c, 450 :: 		
0x9D000B28	0x34028000  ORI	R2, R0, 32768
0x9D000B2C	0x3C1EBF80  LUI	R30, 49024
;__Lib_I2C_12.c, 454 :: 		
0x9D000B30	0x0F40015B  JAL	_Get_Fosc_kHz+0
0x9D000B34	0xAFC25208  SW	R2, 21000(R30)
0x9D000B38	0x340303E8  ORI	R3, R0, 1000
0x9D000B3C	0x00430019  MULTU	R2, R3
0x9D000B40	0x00001012  MFLO	R2
; Fcy start address is: 12 (R3)
0x9D000B44	0x0040180A  MOVZ	R3, R2, R0
;__Lib_I2C_12.c, 455 :: 		
0x9D000B48	0x00191040  SLL	R2, R25, 1
;__Lib_I2C_12.c, 456 :: 		
0x9D000B4C	0x0062001B  DIVU	R3, R2
0x9D000B50	0x00001012  MFLO	R2
; Fcy end address is: 12 (R3)
0x9D000B54	0x2442FFFE  ADDIU	R2, R2, -2
; Fcy start address is: 8 (R2)
;__Lib_I2C_12.c, 458 :: 		
0x9D000B58	0x3C1EBF80  LUI	R30, 49024
0x9D000B5C	0xAFC25240  SW	R2, 21056(R30)
; Fcy end address is: 8 (R2)
;__Lib_I2C_12.c, 459 :: 		
0x9D000B60	0x3C1EBF80  LUI	R30, 49024
0x9D000B64	0xAFC05210  SW	R0, 21008(R30)
;__Lib_I2C_12.c, 460 :: 		
0x9D000B68	0x0F400174  JAL	__Lib_I2C_12_I2C2_Wait_For_Idle+0
0x9D000B6C	0x34190008  ORI	R25, R0, 8
;__Lib_I2C_12.c, 461 :: 		
L_end_I2C2_Init:
0x9D000B70	0x8FB90004  LW	R25, 4(SP)
0x9D000B74	0x8FBF0000  LW	RA, 0(SP)
0x9D000B78	0x03E00008  JR	RA
0x9D000B7C	0x27BD0008  ADDIU	SP, SP, 8
; end of _I2C2_Init
__Lib_I2C_12_SetI2C2Ptrs:
;__Lib_I2C_12.c, 436 :: 		
0x9D00057C	0x27BDFFFC  ADDIU	SP, SP, -4
;__Lib_I2C_12.c, 437 :: 		
0x9D000580	0x3C029D00  LUI	R2, hi_addr(_I2C2_Is_Idle+0)
0x9D000584	0x34420248  ORI	R2, R2, lo_addr(_I2C2_Is_Idle+0)
0x9D000588	0xAC228024  SW	R2, Offset(_I2C_Is_Idle_Ptr+0)(GP)
;__Lib_I2C_12.c, 438 :: 		
0x9D00058C	0x3C029D00  LUI	R2, hi_addr(_I2C2_Start+0)
0x9D000590	0x344200C4  ORI	R2, R2, lo_addr(_I2C2_Start+0)
0x9D000594	0xAC22802C  SW	R2, Offset(_I2C_Start_Ptr+0)(GP)
;__Lib_I2C_12.c, 439 :: 		
0x9D000598	0x3C02FFFF  LUI	R2, hi_addr(_I2C2_Restart+0)
0x9D00059C	0x3442FFFF  ORI	R2, R2, lo_addr(_I2C2_Restart+0)
0x9D0005A0	0xAC228028  SW	R2, Offset(_I2C_Restart_Ptr+0)(GP)
;__Lib_I2C_12.c, 440 :: 		
0x9D0005A4	0x3C02FFFF  LUI	R2, hi_addr(_I2C2_Read+0)
0x9D0005A8	0x3442FFFF  ORI	R2, R2, lo_addr(_I2C2_Read+0)
0x9D0005AC	0xAC228018  SW	R2, Offset(_I2C_Read_Ptr+0)(GP)
;__Lib_I2C_12.c, 441 :: 		
0x9D0005B0	0x3C029D00  LUI	R2, hi_addr(_I2C2_Write+0)
0x9D0005B4	0x34420000  ORI	R2, R2, lo_addr(_I2C2_Write+0)
0x9D0005B8	0xAC228014  SW	R2, Offset(_I2C_Write_Ptr+0)(GP)
;__Lib_I2C_12.c, 442 :: 		
0x9D0005BC	0x3C029D00  LUI	R2, hi_addr(_I2C2_Stop+0)
0x9D0005C0	0x34420174  ORI	R2, R2, lo_addr(_I2C2_Stop+0)
0x9D0005C4	0xAC22801C  SW	R2, Offset(_I2C_Stop_Ptr+0)(GP)
;__Lib_I2C_12.c, 443 :: 		
L_end_SetI2C2Ptrs:
0x9D0005C8	0x03E00008  JR	RA
0x9D0005CC	0x27BD0004  ADDIU	SP, SP, 4
; end of __Lib_I2C_12_SetI2C2Ptrs
_Get_Fosc_kHz:
;__Lib_Delays.c, 1 :: 		unsigned long Get_Fosc_kHz(){
;__Lib_Delays.c, 3 :: 		return Clock_kHz();
0x9D00056C	0x3C020001  LUI	R2, 1
0x9D000570	0x34423880  ORI	R2, R2, 14464
;__Lib_Delays.c, 4 :: 		}
L_end_Get_Fosc_kHz:
0x9D000574	0x03E00008  JR	RA
0x9D000578	0x70000000  NOP	
; end of _Get_Fosc_kHz
__Lib_I2C_12_I2C2_Wait_For_Idle:
;__Lib_I2C_12.c, 272 :: 		
0x9D0005D0	0x27BDFFFC  ADDIU	SP, SP, -4
0x9D0005D4	0xAFBF0000  SW	RA, 0(SP)
;__Lib_I2C_12.c, 274 :: 		
; timeout start address is: 16 (R4)
0x9D0005D8	0x8C248010  LW	R4, Offset(__Lib_I2C_12__I2C2_TIMEOUT+0)(GP)
; timeout end address is: 16 (R4)
;__Lib_I2C_12.c, 276 :: 		
L___Lib_I2C_12_I2C2_Wait_For_Idle38:
; timeout start address is: 16 (R4)
0x9D0005DC	0x0F400092  JAL	_I2C2_Is_Idle+0
0x9D0005E0	0x70000000  NOP	
0x9D0005E4	0x14400011  BNE	R2, R0, L___Lib_I2C_12_I2C2_Wait_For_Idle39
0x9D0005E8	0x70000000  NOP	
L___Lib_I2C_12_I2C2_Wait_For_Idle155:
;__Lib_I2C_12.c, 277 :: 		
0x9D0005EC	0x8C228010  LW	R2, Offset(__Lib_I2C_12__I2C2_TIMEOUT+0)(GP)
0x9D0005F0	0x1040000C  BEQ	R2, R0, L___Lib_I2C_12_I2C2_Wait_For_Idle86
0x9D0005F4	0x70000000  NOP	
L___Lib_I2C_12_I2C2_Wait_For_Idle157:
;__Lib_I2C_12.c, 279 :: 		
0x9D0005F8	0x14800006  BNE	R4, R0, L___Lib_I2C_12_I2C2_Wait_For_Idle41
0x9D0005FC	0x70000000  NOP	
L___Lib_I2C_12_I2C2_Wait_For_Idle158:
; timeout end address is: 16 (R4)
;__Lib_I2C_12.c, 281 :: 		
0x9D000600	0x8C3E8020  LW	R30, Offset(_I2C2_Timeout_Ptr+0)(GP)
0x9D000604	0x03C0F809  JALR	RA, R30
0x9D000608	0x70000000  NOP	
;__Lib_I2C_12.c, 282 :: 		
0x9D00060C	0x0B40018B  J	L___Lib_I2C_12_I2C2_Wait_For_Idle39
0x9D000610	0x70000000  NOP	
;__Lib_I2C_12.c, 283 :: 		
L___Lib_I2C_12_I2C2_Wait_For_Idle41:
;__Lib_I2C_12.c, 284 :: 		
; timeout start address is: 16 (R4)
0x9D000614	0x2482FFFF  ADDIU	R2, R4, -1
; timeout end address is: 16 (R4)
; timeout start address is: 12 (R3)
0x9D000618	0x0040180A  MOVZ	R3, R2, R0
; timeout end address is: 12 (R3)
;__Lib_I2C_12.c, 285 :: 		
0x9D00061C	0x0B400189  J	L___Lib_I2C_12_I2C2_Wait_For_Idle40
0x9D000620	0x0060200A  MOVZ	R4, R3, R0
L___Lib_I2C_12_I2C2_Wait_For_Idle86:
;__Lib_I2C_12.c, 277 :: 		
;__Lib_I2C_12.c, 285 :: 		
L___Lib_I2C_12_I2C2_Wait_For_Idle40:
;__Lib_I2C_12.c, 286 :: 		
; timeout start address is: 16 (R4)
; timeout end address is: 16 (R4)
0x9D000624	0x0B400177  J	L___Lib_I2C_12_I2C2_Wait_For_Idle38
0x9D000628	0x70000000  NOP	
L___Lib_I2C_12_I2C2_Wait_For_Idle39:
;__Lib_I2C_12.c, 287 :: 		
L_end_I2C2_Wait_For_Idle:
0x9D00062C	0x8FBF0000  LW	RA, 0(SP)
0x9D000630	0x03E00008  JR	RA
0x9D000634	0x27BD0004  ADDIU	SP, SP, 4
; end of __Lib_I2C_12_I2C2_Wait_For_Idle
_I2C2_Is_Idle:
;__Lib_I2C_12.c, 264 :: 		
0x9D000248	0x27BDFFFC  ADDIU	SP, SP, -4
;__Lib_I2C_12.c, 266 :: 		
0x9D00024C	0x3C1EBF80  LUI	R30, 49024
0x9D000250	0x93C25200  LBU	R2, 20992(R30)
0x9D000254	0x7C420000  EXT	R2, R2, 0, 1
0x9D000258	0x304300FF  ANDI	R3, R2, 255
0x9D00025C	0x3C1EBF80  LUI	R30, 49024
0x9D000260	0x93C25200  LBU	R2, 20992(R30)
0x9D000264	0x7C420080  EXT	R2, R2, 2, 1
0x9D000268	0x00621825  OR	R3, R3, R2
0x9D00026C	0x3C1EBF80  LUI	R30, 49024
0x9D000270	0x93C25200  LBU	R2, 20992(R30)
0x9D000274	0x7C4200C0  EXT	R2, R2, 3, 1
0x9D000278	0x00621825  OR	R3, R3, R2
0x9D00027C	0x3C1EBF80  LUI	R30, 49024
0x9D000280	0x93C25200  LBU	R2, 20992(R30)
0x9D000284	0x7C420100  EXT	R2, R2, 4, 1
0x9D000288	0x00621825  OR	R3, R3, R2
;__Lib_I2C_12.c, 267 :: 		
0x9D00028C	0x3C1EBF80  LUI	R30, 49024
0x9D000290	0x93C25200  LBU	R2, 20992(R30)
0x9D000294	0x7C420040  EXT	R2, R2, 1, 1
0x9D000298	0x00621825  OR	R3, R3, R2
0x9D00029C	0x3C1EBF80  LUI	R30, 49024
0x9D0002A0	0x93C25211  LBU	R2, 21009(R30)
0x9D0002A4	0x7C420180  EXT	R2, R2, 6, 1
0x9D0002A8	0x00621025  OR	R2, R3, R2
; idle start address is: 12 (R3)
0x9D0002AC	0x304300FF  ANDI	R3, R2, 255
;__Lib_I2C_12.c, 268 :: 		
0x9D0002B0	0x2C620001  SLTIU	R2, R3, 1
; idle end address is: 12 (R3)
0x9D0002B4	0x304200FF  ANDI	R2, R2, 255
;__Lib_I2C_12.c, 269 :: 		
L_end_I2C2_Is_Idle:
0x9D0002B8	0x03E00008  JR	RA
0x9D0002BC	0x27BD0004  ADDIU	SP, SP, 4
; end of _I2C2_Is_Idle
_I2C_Set_Active:
;__Lib_I2C_12.c, 483 :: 		
0x9D000960	0x27BDFFFC  ADDIU	SP, SP, -4
; stop_ptr start address is: 8 (R2)
0x9D000964	0x8FA20004  LW	R2, 4(SP)
; is_idle_ptr start address is: 12 (R3)
0x9D000968	0x8FA30008  LW	R3, 8(SP)
;__Lib_I2C_12.c, 484 :: 		
0x9D00096C	0xAC238024  SW	R3, Offset(_I2C_Is_Idle_Ptr+0)(GP)
; is_idle_ptr end address is: 12 (R3)
;__Lib_I2C_12.c, 485 :: 		
0x9D000970	0xAC39802C  SW	R25, Offset(_I2C_Start_Ptr+0)(GP)
;__Lib_I2C_12.c, 486 :: 		
0x9D000974	0xAC3A8028  SW	R26, Offset(_I2C_Restart_Ptr+0)(GP)
;__Lib_I2C_12.c, 487 :: 		
0x9D000978	0xAC3B8018  SW	R27, Offset(_I2C_Read_Ptr+0)(GP)
;__Lib_I2C_12.c, 488 :: 		
0x9D00097C	0xAC3C8014  SW	R28, Offset(_I2C_Write_Ptr+0)(GP)
;__Lib_I2C_12.c, 489 :: 		
0x9D000980	0xAC22801C  SW	R2, Offset(_I2C_Stop_Ptr+0)(GP)
; stop_ptr end address is: 8 (R2)
;__Lib_I2C_12.c, 490 :: 		
L_end_I2C_Set_Active:
0x9D000984	0x03E00008  JR	RA
0x9D000988	0x27BD0004  ADDIU	SP, SP, 4
; end of _I2C_Set_Active
_I2C_LCD_init:
;I2C_LCD.c, 134 :: 		void I2C_LCD_init(UChar addr){
0x9D00098C	0x27BDFFF0  ADDIU	SP, SP, -16
0x9D000990	0xAFBF0000  SW	RA, 0(SP)
;I2C_LCD.c, 136 :: 		I2C_LCD_putcmd(addr, LCD_INIT_BYTEA,0);
0x9D000994	0xAFBA0004  SW	R26, 4(SP)
0x9D000998	0xAFBB0008  SW	R27, 8(SP)
0x9D00099C	0xA3B9000C  SB	R25, 12(SP)
0x9D0009A0	0x0000D80A  MOVZ	R27, R0, R0
0x9D0009A4	0x0F4000EF  JAL	_I2C_LCD_putcmd+0
0x9D0009A8	0x341A0033  ORI	R26, R0, 51
0x9D0009AC	0x93B9000C  LBU	R25, 12(SP)
;I2C_LCD.c, 137 :: 		Delay_ms(30);
0x9D0009B0	0x3C18000C  LUI	R24, 12
0x9D0009B4	0x371834FF  ORI	R24, R24, 13567
L_I2C_LCD_init30:
0x9D0009B8	0x2718FFFF  ADDIU	R24, R24, -1
0x9D0009BC	0x1700FFFE  BNE	R24, R0, L_I2C_LCD_init30
0x9D0009C0	0x70000000  NOP	
0x9D0009C4	0x70000000  NOP	
;I2C_LCD.c, 138 :: 		I2C_LCD_putcmd(addr, LCD_INIT_BYTEB,0);
0x9D0009C8	0xA3B9000C  SB	R25, 12(SP)
0x9D0009CC	0x0000D80A  MOVZ	R27, R0, R0
0x9D0009D0	0x0F4000EF  JAL	_I2C_LCD_putcmd+0
0x9D0009D4	0x341A0032  ORI	R26, R0, 50
0x9D0009D8	0x93B9000C  LBU	R25, 12(SP)
;I2C_LCD.c, 139 :: 		Delay_ms(30);
0x9D0009DC	0x3C18000C  LUI	R24, 12
0x9D0009E0	0x371834FF  ORI	R24, R24, 13567
L_I2C_LCD_init32:
0x9D0009E4	0x2718FFFF  ADDIU	R24, R24, -1
0x9D0009E8	0x1700FFFE  BNE	R24, R0, L_I2C_LCD_init32
0x9D0009EC	0x70000000  NOP	
0x9D0009F0	0x70000000  NOP	
;I2C_LCD.c, 140 :: 		I2C_LCD_putcmd(addr, LCD_INIT_BYTEC,0);
0x9D0009F4	0xA3B9000C  SB	R25, 12(SP)
0x9D0009F8	0x0000D80A  MOVZ	R27, R0, R0
0x9D0009FC	0x0F4000EF  JAL	_I2C_LCD_putcmd+0
0x9D000A00	0x341A0028  ORI	R26, R0, 40
0x9D000A04	0x93B9000C  LBU	R25, 12(SP)
;I2C_LCD.c, 141 :: 		Delay_ms(25);
0x9D000A08	0x3C18000A  LUI	R24, 10
0x9D000A0C	0x37182C2A  ORI	R24, R24, 11306
L_I2C_LCD_init34:
0x9D000A10	0x2718FFFF  ADDIU	R24, R24, -1
0x9D000A14	0x1700FFFE  BNE	R24, R0, L_I2C_LCD_init34
0x9D000A18	0x70000000  NOP	
;I2C_LCD.c, 142 :: 		I2C_LCD_putcmd(addr, LCD_BUS_WIDTH_4Bit,0);
0x9D000A1C	0xA3B9000C  SB	R25, 12(SP)
0x9D000A20	0x0000D80A  MOVZ	R27, R0, R0
0x9D000A24	0x0F4000EF  JAL	_I2C_LCD_putcmd+0
0x9D000A28	0x341A0020  ORI	R26, R0, 32
0x9D000A2C	0x93B9000C  LBU	R25, 12(SP)
;I2C_LCD.c, 143 :: 		Delay_ms(25);
0x9D000A30	0x3C18000A  LUI	R24, 10
0x9D000A34	0x37182C2A  ORI	R24, R24, 11306
L_I2C_LCD_init36:
0x9D000A38	0x2718FFFF  ADDIU	R24, R24, -1
0x9D000A3C	0x1700FFFE  BNE	R24, R0, L_I2C_LCD_init36
0x9D000A40	0x70000000  NOP	
;I2C_LCD.c, 144 :: 		I2C_LCD_putcmd(addr, LCD_4BITS_2LINES_5x8FONT,0);
0x9D000A44	0xA3B9000C  SB	R25, 12(SP)
0x9D000A48	0x0000D80A  MOVZ	R27, R0, R0
0x9D000A4C	0x0F4000EF  JAL	_I2C_LCD_putcmd+0
0x9D000A50	0x341A0028  ORI	R26, R0, 40
0x9D000A54	0x93B9000C  LBU	R25, 12(SP)
;I2C_LCD.c, 145 :: 		Delay_ms(25);
0x9D000A58	0x3C18000A  LUI	R24, 10
0x9D000A5C	0x37182C2A  ORI	R24, R24, 11306
L_I2C_LCD_init38:
0x9D000A60	0x2718FFFF  ADDIU	R24, R24, -1
0x9D000A64	0x1700FFFE  BNE	R24, R0, L_I2C_LCD_init38
0x9D000A68	0x70000000  NOP	
;I2C_LCD.c, 146 :: 		I2C_LCD_putcmd(addr, LCD_DISPLAY_OFF_CURSOR_OFF_BLINK_OFF,0);
0x9D000A6C	0xA3B9000C  SB	R25, 12(SP)
0x9D000A70	0x0000D80A  MOVZ	R27, R0, R0
0x9D000A74	0x0F4000EF  JAL	_I2C_LCD_putcmd+0
0x9D000A78	0x341A0008  ORI	R26, R0, 8
0x9D000A7C	0x93B9000C  LBU	R25, 12(SP)
;I2C_LCD.c, 147 :: 		Delay_ms(25);
0x9D000A80	0x3C18000A  LUI	R24, 10
0x9D000A84	0x37182C2A  ORI	R24, R24, 11306
L_I2C_LCD_init40:
0x9D000A88	0x2718FFFF  ADDIU	R24, R24, -1
0x9D000A8C	0x1700FFFE  BNE	R24, R0, L_I2C_LCD_init40
0x9D000A90	0x70000000  NOP	
;I2C_LCD.c, 148 :: 		I2C_LCD_putcmd(addr, LCD_CLEAR,0);
0x9D000A94	0xA3B9000C  SB	R25, 12(SP)
0x9D000A98	0x0000D80A  MOVZ	R27, R0, R0
0x9D000A9C	0x0F4000EF  JAL	_I2C_LCD_putcmd+0
0x9D000AA0	0x341A0001  ORI	R26, R0, 1
0x9D000AA4	0x93B9000C  LBU	R25, 12(SP)
;I2C_LCD.c, 149 :: 		Delay_ms(25);
0x9D000AA8	0x3C18000A  LUI	R24, 10
0x9D000AAC	0x37182C2A  ORI	R24, R24, 11306
L_I2C_LCD_init42:
0x9D000AB0	0x2718FFFF  ADDIU	R24, R24, -1
0x9D000AB4	0x1700FFFE  BNE	R24, R0, L_I2C_LCD_init42
0x9D000AB8	0x70000000  NOP	
;I2C_LCD.c, 150 :: 		I2C_LCD_putcmd(addr, LCD_INCREMENT_NO_SHIFT,0);
0x9D000ABC	0xA3B9000C  SB	R25, 12(SP)
0x9D000AC0	0x0000D80A  MOVZ	R27, R0, R0
0x9D000AC4	0x0F4000EF  JAL	_I2C_LCD_putcmd+0
0x9D000AC8	0x341A0006  ORI	R26, R0, 6
0x9D000ACC	0x93B9000C  LBU	R25, 12(SP)
;I2C_LCD.c, 151 :: 		Delay_ms(25);
0x9D000AD0	0x3C18000A  LUI	R24, 10
0x9D000AD4	0x37182C2A  ORI	R24, R24, 11306
L_I2C_LCD_init44:
0x9D000AD8	0x2718FFFF  ADDIU	R24, R24, -1
0x9D000ADC	0x1700FFFE  BNE	R24, R0, L_I2C_LCD_init44
0x9D000AE0	0x70000000  NOP	
;I2C_LCD.c, 152 :: 		I2C_LCD_putcmd(addr, LCD_DISPLAY_ON_CURSOR_OFF,0);
0x9D000AE4	0x0000D80A  MOVZ	R27, R0, R0
0x9D000AE8	0x0F4000EF  JAL	_I2C_LCD_putcmd+0
0x9D000AEC	0x341A000C  ORI	R26, R0, 12
;I2C_LCD.c, 153 :: 		Delay_ms(25);
0x9D000AF0	0x3C18000A  LUI	R24, 10
0x9D000AF4	0x37182C2A  ORI	R24, R24, 11306
L_I2C_LCD_init46:
0x9D000AF8	0x2718FFFF  ADDIU	R24, R24, -1
0x9D000AFC	0x1700FFFE  BNE	R24, R0, L_I2C_LCD_init46
0x9D000B00	0x70000000  NOP	
;I2C_LCD.c, 154 :: 		} // LCD_init()
L_end_I2C_LCD_init:
0x9D000B04	0x8FBB0008  LW	R27, 8(SP)
0x9D000B08	0x8FBA0004  LW	R26, 4(SP)
0x9D000B0C	0x8FBF0000  LW	RA, 0(SP)
0x9D000B10	0x03E00008  JR	RA
0x9D000B14	0x27BD0010  ADDIU	SP, SP, 16
; end of _I2C_LCD_init
_I2C_LCD_putcmd:
;I2C_LCD.c, 27 :: 		void I2C_LCD_putcmd(UChar addr, UChar dta,UChar cmdtype){
0x9D0003BC	0x27BDFFF0  ADDIU	SP, SP, -16
0x9D0003C0	0xAFBF0000  SW	RA, 0(SP)
;I2C_LCD.c, 30 :: 		lcddataA = ((cmdtype & 0XFF)|HI_NIBBLE(dta)|LCD_BL);
0x9D0003C4	0xAFBA0004  SW	R26, 4(SP)
0x9D0003C8	0x336300FF  ANDI	R3, R27, 255
0x9D0003CC	0x334200F0  ANDI	R2, R26, 240
0x9D0003D0	0x00621025  OR	R2, R3, R2
0x9D0003D4	0x34420008  ORI	R2, R2, 8
0x9D0003D8	0xA3A2000B  SB	R2, 11(SP)
;I2C_LCD.c, 31 :: 		I2C_PCF8574_Write(addr,lcddataA );
0x9D0003DC	0xA3BB0008  SB	R27, 8(SP)
0x9D0003E0	0xA3BA0009  SB	R26, 9(SP)
0x9D0003E4	0xA3B9000A  SB	R25, 10(SP)
0x9D0003E8	0x0F400081  JAL	_I2C_PCF8574_Write+0
0x9D0003EC	0x305A00FF  ANDI	R26, R2, 255
0x9D0003F0	0x93B9000A  LBU	R25, 10(SP)
;I2C_LCD.c, 32 :: 		I2C_PCF8574_Write(addr,lcddataA |  LCD_EN);    // LCD_EN = 0X04
0x9D0003F4	0x93A2000B  LBU	R2, 11(SP)
0x9D0003F8	0x34420004  ORI	R2, R2, 4
0x9D0003FC	0xA3B9000A  SB	R25, 10(SP)
0x9D000400	0x0F400081  JAL	_I2C_PCF8574_Write+0
0x9D000404	0x305A00FF  ANDI	R26, R2, 255
0x9D000408	0x93B9000A  LBU	R25, 10(SP)
;I2C_LCD.c, 33 :: 		I2C_PCF8574_Write(addr,lcddataA & ~LCD_EN);    // Reset LCD bus
0x9D00040C	0x93A3000B  LBU	R3, 11(SP)
0x9D000410	0x340200FB  ORI	R2, R0, 251
0x9D000414	0x00621024  AND	R2, R3, R2
0x9D000418	0xA3B9000A  SB	R25, 10(SP)
0x9D00041C	0x0F400081  JAL	_I2C_PCF8574_Write+0
0x9D000420	0x305A00FF  ANDI	R26, R2, 255
0x9D000424	0x93B9000A  LBU	R25, 10(SP)
0x9D000428	0x93BA0009  LBU	R26, 9(SP)
0x9D00042C	0x93BB0008  LBU	R27, 8(SP)
;I2C_LCD.c, 35 :: 		lcddataB = ((cmdtype & 0XFF)|LO_NIBBLE(dta)| LCD_BL) ;
0x9D000430	0x336300FF  ANDI	R3, R27, 255
0x9D000434	0x334200FF  ANDI	R2, R26, 255
0x9D000438	0x00021100  SLL	R2, R2, 4
0x9D00043C	0x304200F0  ANDI	R2, R2, 240
0x9D000440	0x00621025  OR	R2, R3, R2
0x9D000444	0x34420008  ORI	R2, R2, 8
0x9D000448	0xA3A2000C  SB	R2, 12(SP)
;I2C_LCD.c, 36 :: 		I2C_PCF8574_Write(addr,lcddataB);
0x9D00044C	0xA3B90008  SB	R25, 8(SP)
0x9D000450	0x0F400081  JAL	_I2C_PCF8574_Write+0
0x9D000454	0x305A00FF  ANDI	R26, R2, 255
0x9D000458	0x93B90008  LBU	R25, 8(SP)
;I2C_LCD.c, 37 :: 		I2C_PCF8574_Write(addr,lcddataB | LCD_EN);        // LCD_EN = 0X04
0x9D00045C	0x93A2000C  LBU	R2, 12(SP)
0x9D000460	0x34420004  ORI	R2, R2, 4
0x9D000464	0xA3B90008  SB	R25, 8(SP)
0x9D000468	0x0F400081  JAL	_I2C_PCF8574_Write+0
0x9D00046C	0x305A00FF  ANDI	R26, R2, 255
0x9D000470	0x93B90008  LBU	R25, 8(SP)
;I2C_LCD.c, 38 :: 		I2C_PCF8574_Write(addr,lcddataB & ~LCD_EN);    // Reset LCD bus
0x9D000474	0x93A3000C  LBU	R3, 12(SP)
0x9D000478	0x340200FB  ORI	R2, R0, 251
0x9D00047C	0x00621024  AND	R2, R3, R2
0x9D000480	0x0F400081  JAL	_I2C_PCF8574_Write+0
0x9D000484	0x305A00FF  ANDI	R26, R2, 255
;I2C_LCD.c, 39 :: 		} // LCD_putcmd())
L_end_I2C_LCD_putcmd:
0x9D000488	0x8FBA0004  LW	R26, 4(SP)
0x9D00048C	0x8FBF0000  LW	RA, 0(SP)
0x9D000490	0x03E00008  JR	RA
0x9D000494	0x27BD0010  ADDIU	SP, SP, 16
; end of _I2C_LCD_putcmd
_I2C_PCF8574_Write:
;I2C_LCD.c, 9 :: 		UChar I2C_PCF8574_Write(UChar addr,UChar Data){
0x9D000204	0x27BDFFF4  ADDIU	SP, SP, -12
0x9D000208	0xAFBF0000  SW	RA, 0(SP)
;I2C_LCD.c, 12 :: 		I2C2_Start();                //Start send ACK
0x9D00020C	0xAFB90004  SW	R25, 4(SP)
0x9D000210	0xA3BA0008  SB	R26, 8(SP)
0x9D000214	0x0F400031  JAL	_I2C2_Start+0
0x9D000218	0xA3B90009  SB	R25, 9(SP)
;I2C_LCD.c, 13 :: 		S = I2C2_Write(addr);        //Send address and check for error
0x9D00021C	0x0F400000  JAL	_I2C2_Write+0
0x9D000220	0x93B90009  LBU	R25, 9(SP)
0x9D000224	0x93BA0008  LBU	R26, 8(SP)
;I2C_LCD.c, 19 :: 		I2C2_Write(Data);
0x9D000228	0x0F400000  JAL	_I2C2_Write+0
0x9D00022C	0x335900FF  ANDI	R25, R26, 255
;I2C_LCD.c, 20 :: 		I2C2_Stop();
0x9D000230	0x0F40005D  JAL	_I2C2_Stop+0
0x9D000234	0x70000000  NOP	
;I2C_LCD.c, 22 :: 		}
L_end_I2C_PCF8574_Write:
0x9D000238	0x8FB90004  LW	R25, 4(SP)
0x9D00023C	0x8FBF0000  LW	RA, 0(SP)
0x9D000240	0x03E00008  JR	RA
0x9D000244	0x27BD000C  ADDIU	SP, SP, 12
; end of _I2C_PCF8574_Write
_I2C2_Start:
;__Lib_I2C_12.c, 290 :: 		
0x9D0000C4	0x27BDFFF4  ADDIU	SP, SP, -12
0x9D0000C8	0xAFBF0000  SW	RA, 0(SP)
;__Lib_I2C_12.c, 292 :: 		
0x9D0000CC	0xAFB90004  SW	R25, 4(SP)
; timeout start address is: 12 (R3)
0x9D0000D0	0x8C238010  LW	R3, Offset(__Lib_I2C_12__I2C2_TIMEOUT+0)(GP)
;__Lib_I2C_12.c, 294 :: 		
0x9D0000D4	0xAFA30008  SW	R3, 8(SP)
0x9D0000D8	0x0F400174  JAL	__Lib_I2C_12_I2C2_Wait_For_Idle+0
0x9D0000DC	0x34190005  ORI	R25, R0, 5
0x9D0000E0	0x8FA30008  LW	R3, 8(SP)
;__Lib_I2C_12.c, 296 :: 		
0x9D0000E4	0x34020001  ORI	R2, R0, 1
0x9D0000E8	0x3C1EBF80  LUI	R30, 49024
0x9D0000EC	0xAFC25208  SW	R2, 21000(R30)
;__Lib_I2C_12.c, 299 :: 		
0x9D0000F0	0x3C1EBF80  LUI	R30, 49024
0x9D0000F4	0x93C25211  LBU	R2, 21009(R30)
0x9D0000F8	0x7C420080  EXT	R2, R2, 2, 1
0x9D0000FC	0x10400003  BEQ	R2, R0, L_I2C2_Start42
0x9D000100	0x70000000  NOP	
L__I2C2_Start161:
; timeout end address is: 12 (R3)
;__Lib_I2C_12.c, 300 :: 		
0x9D000104	0x0B400059  J	L_end_I2C2_Start
0x9D000108	0x3402FFFF  ORI	R2, R0, 65535
;__Lib_I2C_12.c, 301 :: 		
L_I2C2_Start42:
;__Lib_I2C_12.c, 302 :: 		
; timeout start address is: 12 (R3)
L_I2C2_Start43:
; timeout end address is: 12 (R3)
; timeout start address is: 12 (R3)
0x9D00010C	0x3C1EBF80  LUI	R30, 49024
0x9D000110	0x93C25200  LBU	R2, 20992(R30)
0x9D000114	0x7C420000  EXT	R2, R2, 0, 1
0x9D000118	0x10400011  BEQ	R2, 1, L_I2C2_Start44
0x9D00011C	0x70000000  NOP	
L__I2C2_Start163:
;__Lib_I2C_12.c, 303 :: 		
0x9D000120	0x8C228010  LW	R2, Offset(__Lib_I2C_12__I2C2_TIMEOUT+0)(GP)
0x9D000124	0x1040000C  BEQ	R2, R0, L__I2C2_Start87
0x9D000128	0x70000000  NOP	
L__I2C2_Start165:
;__Lib_I2C_12.c, 305 :: 		
0x9D00012C	0x14600007  BNE	R3, R0, L_I2C2_Start46
0x9D000130	0x70000000  NOP	
L__I2C2_Start166:
; timeout end address is: 12 (R3)
;__Lib_I2C_12.c, 307 :: 		
0x9D000134	0x34190005  ORI	R25, R0, 5
0x9D000138	0x8C3E8020  LW	R30, Offset(_I2C2_Timeout_Ptr+0)(GP)
0x9D00013C	0x03C0F809  JALR	RA, R30
0x9D000140	0x70000000  NOP	
;__Lib_I2C_12.c, 308 :: 		
0x9D000144	0x0B400058  J	L_I2C2_Start44
0x9D000148	0x70000000  NOP	
;__Lib_I2C_12.c, 309 :: 		
L_I2C2_Start46:
;__Lib_I2C_12.c, 310 :: 		
; timeout start address is: 12 (R3)
0x9D00014C	0x2462FFFF  ADDIU	R2, R3, -1
; timeout end address is: 12 (R3)
;__Lib_I2C_12.c, 311 :: 		
0x9D000150	0x0B400056  J	L_I2C2_Start45
0x9D000154	0x0040180A  MOVZ	R3, R2, R0
L__I2C2_Start87:
;__Lib_I2C_12.c, 303 :: 		
;__Lib_I2C_12.c, 311 :: 		
L_I2C2_Start45:
;__Lib_I2C_12.c, 312 :: 		
; timeout start address is: 12 (R3)
; timeout end address is: 12 (R3)
0x9D000158	0x0B400043  J	L_I2C2_Start43
0x9D00015C	0x70000000  NOP	
L_I2C2_Start44:
;__Lib_I2C_12.c, 313 :: 		
0x9D000160	0x0000100A  MOVZ	R2, R0, R0
;__Lib_I2C_12.c, 314 :: 		
;__Lib_I2C_12.c, 313 :: 		
;__Lib_I2C_12.c, 314 :: 		
L_end_I2C2_Start:
0x9D000164	0x8FB90004  LW	R25, 4(SP)
0x9D000168	0x8FBF0000  LW	RA, 0(SP)
0x9D00016C	0x03E00008  JR	RA
0x9D000170	0x27BD000C  ADDIU	SP, SP, 12
; end of _I2C2_Start
_I2C2_Write:
;__Lib_I2C_12.c, 364 :: 		
0x9D000000	0x27BDFFF8  ADDIU	SP, SP, -8
0x9D000004	0xAFBF0000  SW	RA, 0(SP)
;__Lib_I2C_12.c, 366 :: 		
0x9D000008	0xAFB90004  SW	R25, 4(SP)
; timeout start address is: 12 (R3)
0x9D00000C	0x8C238010  LW	R3, Offset(__Lib_I2C_12__I2C2_TIMEOUT+0)(GP)
;__Lib_I2C_12.c, 368 :: 		
0x9D000010	0x332200FF  ANDI	R2, R25, 255
0x9D000014	0x3C1EBF80  LUI	R30, 49024
0x9D000018	0xAFC25250  SW	R2, 21072(R30)
;__Lib_I2C_12.c, 370 :: 		
0x9D00001C	0x3C1EBF80  LUI	R30, 49024
0x9D000020	0x93C25210  LBU	R2, 21008(R30)
0x9D000024	0x7C4201C0  EXT	R2, R2, 7, 1
0x9D000028	0x10400003  BEQ	R2, R0, L_I2C2_Write58
0x9D00002C	0x70000000  NOP	
L__I2C2_Write183:
; timeout end address is: 12 (R3)
;__Lib_I2C_12.c, 371 :: 		
0x9D000030	0x0B40002D  J	L_end_I2C2_Write
0x9D000034	0x3402FFFF  ORI	R2, R0, 65535
L_I2C2_Write58:
;__Lib_I2C_12.c, 373 :: 		
; timeout start address is: 12 (R3)
L_I2C2_Write60:
; timeout end address is: 12 (R3)
; timeout start address is: 12 (R3)
0x9D000038	0x3C1EBF80  LUI	R30, 49024
0x9D00003C	0x93C25210  LBU	R2, 21008(R30)
0x9D000040	0x7C420000  EXT	R2, R2, 0, 1
0x9D000044	0x10400011  BEQ	R2, R0, L_I2C2_Write61
0x9D000048	0x70000000  NOP	
L__I2C2_Write185:
;__Lib_I2C_12.c, 374 :: 		
0x9D00004C	0x8C228010  LW	R2, Offset(__Lib_I2C_12__I2C2_TIMEOUT+0)(GP)
0x9D000050	0x1040000C  BEQ	R2, R0, L__I2C2_Write93
0x9D000054	0x70000000  NOP	
L__I2C2_Write187:
;__Lib_I2C_12.c, 376 :: 		
0x9D000058	0x14600007  BNE	R3, R0, L_I2C2_Write63
0x9D00005C	0x70000000  NOP	
L__I2C2_Write188:
; timeout end address is: 12 (R3)
;__Lib_I2C_12.c, 378 :: 		
0x9D000060	0x34190004  ORI	R25, R0, 4
0x9D000064	0x8C3E8020  LW	R30, Offset(_I2C2_Timeout_Ptr+0)(GP)
0x9D000068	0x03C0F809  JALR	RA, R30
0x9D00006C	0x70000000  NOP	
;__Lib_I2C_12.c, 379 :: 		
0x9D000070	0x0B400023  J	L_I2C2_Write61
0x9D000074	0x70000000  NOP	
;__Lib_I2C_12.c, 380 :: 		
L_I2C2_Write63:
;__Lib_I2C_12.c, 381 :: 		
; timeout start address is: 12 (R3)
0x9D000078	0x2462FFFF  ADDIU	R2, R3, -1
; timeout end address is: 12 (R3)
;__Lib_I2C_12.c, 382 :: 		
0x9D00007C	0x0B400021  J	L_I2C2_Write62
0x9D000080	0x0040180A  MOVZ	R3, R2, R0
L__I2C2_Write93:
;__Lib_I2C_12.c, 374 :: 		
;__Lib_I2C_12.c, 382 :: 		
L_I2C2_Write62:
;__Lib_I2C_12.c, 383 :: 		
; timeout start address is: 12 (R3)
; timeout end address is: 12 (R3)
0x9D000084	0x0B40000E  J	L_I2C2_Write60
0x9D000088	0x70000000  NOP	
L_I2C2_Write61:
;__Lib_I2C_12.c, 384 :: 		
0x9D00008C	0x0F400174  JAL	__Lib_I2C_12_I2C2_Wait_For_Idle+0
0x9D000090	0x34190004  ORI	R25, R0, 4
;__Lib_I2C_12.c, 386 :: 		
0x9D000094	0x3C1EBF80  LUI	R30, 49024
0x9D000098	0x93C25211  LBU	R2, 21009(R30)
0x9D00009C	0x7C4201C0  EXT	R2, R2, 7, 1
0x9D0000A0	0x10400003  BEQ	R2, R0, L_I2C2_Write64
0x9D0000A4	0x70000000  NOP	
L__I2C2_Write190:
;__Lib_I2C_12.c, 387 :: 		
0x9D0000A8	0x0B40002D  J	L_end_I2C2_Write
0x9D0000AC	0x3402FFFE  ORI	R2, R0, 65534
L_I2C2_Write64:
;__Lib_I2C_12.c, 389 :: 		
0x9D0000B0	0x0000100A  MOVZ	R2, R0, R0
;__Lib_I2C_12.c, 391 :: 		
;__Lib_I2C_12.c, 389 :: 		
;__Lib_I2C_12.c, 391 :: 		
L_end_I2C2_Write:
0x9D0000B4	0x8FB90004  LW	R25, 4(SP)
0x9D0000B8	0x8FBF0000  LW	RA, 0(SP)
0x9D0000BC	0x03E00008  JR	RA
0x9D0000C0	0x27BD0008  ADDIU	SP, SP, 8
; end of _I2C2_Write
_I2C2_Stop:
;__Lib_I2C_12.c, 344 :: 		
0x9D000174	0x27BDFFF4  ADDIU	SP, SP, -12
0x9D000178	0xAFBF0000  SW	RA, 0(SP)
;__Lib_I2C_12.c, 346 :: 		
0x9D00017C	0xAFB90004  SW	R25, 4(SP)
; timeout start address is: 12 (R3)
0x9D000180	0x8C238010  LW	R3, Offset(__Lib_I2C_12__I2C2_TIMEOUT+0)(GP)
;__Lib_I2C_12.c, 348 :: 		
0x9D000184	0xAFA30008  SW	R3, 8(SP)
0x9D000188	0x0F400174  JAL	__Lib_I2C_12_I2C2_Wait_For_Idle+0
0x9D00018C	0x34190007  ORI	R25, R0, 7
0x9D000190	0x8FA30008  LW	R3, 8(SP)
;__Lib_I2C_12.c, 349 :: 		
0x9D000194	0x34020004  ORI	R2, R0, 4
0x9D000198	0x3C1EBF80  LUI	R30, 49024
0x9D00019C	0xAFC25208  SW	R2, 21000(R30)
; timeout end address is: 12 (R3)
;__Lib_I2C_12.c, 351 :: 		
L_I2C2_Stop54:
; timeout start address is: 12 (R3)
0x9D0001A0	0x3C1EBF80  LUI	R30, 49024
0x9D0001A4	0x93C25200  LBU	R2, 20992(R30)
0x9D0001A8	0x7C420080  EXT	R2, R2, 2, 1
0x9D0001AC	0x10400011  BEQ	R2, 1, L_I2C2_Stop55
0x9D0001B0	0x70000000  NOP	
L__I2C2_Stop177:
;__Lib_I2C_12.c, 352 :: 		
0x9D0001B4	0x8C228010  LW	R2, Offset(__Lib_I2C_12__I2C2_TIMEOUT+0)(GP)
0x9D0001B8	0x1040000C  BEQ	R2, R0, L__I2C2_Stop92
0x9D0001BC	0x70000000  NOP	
L__I2C2_Stop179:
;__Lib_I2C_12.c, 354 :: 		
0x9D0001C0	0x14600007  BNE	R3, R0, L_I2C2_Stop57
0x9D0001C4	0x70000000  NOP	
L__I2C2_Stop180:
; timeout end address is: 12 (R3)
;__Lib_I2C_12.c, 356 :: 		
0x9D0001C8	0x34190007  ORI	R25, R0, 7
0x9D0001CC	0x8C3E8020  LW	R30, Offset(_I2C2_Timeout_Ptr+0)(GP)
0x9D0001D0	0x03C0F809  JALR	RA, R30
0x9D0001D4	0x70000000  NOP	
;__Lib_I2C_12.c, 357 :: 		
0x9D0001D8	0x0B40007D  J	L_I2C2_Stop55
0x9D0001DC	0x70000000  NOP	
;__Lib_I2C_12.c, 358 :: 		
L_I2C2_Stop57:
;__Lib_I2C_12.c, 359 :: 		
; timeout start address is: 12 (R3)
0x9D0001E0	0x2462FFFF  ADDIU	R2, R3, -1
; timeout end address is: 12 (R3)
;__Lib_I2C_12.c, 360 :: 		
0x9D0001E4	0x0B40007B  J	L_I2C2_Stop56
0x9D0001E8	0x0040180A  MOVZ	R3, R2, R0
L__I2C2_Stop92:
;__Lib_I2C_12.c, 352 :: 		
;__Lib_I2C_12.c, 360 :: 		
L_I2C2_Stop56:
;__Lib_I2C_12.c, 361 :: 		
; timeout start address is: 12 (R3)
; timeout end address is: 12 (R3)
0x9D0001EC	0x0B400068  J	L_I2C2_Stop54
0x9D0001F0	0x70000000  NOP	
L_I2C2_Stop55:
;__Lib_I2C_12.c, 362 :: 		
L_end_I2C2_Stop:
0x9D0001F4	0x8FB90004  LW	R25, 4(SP)
0x9D0001F8	0x8FBF0000  LW	RA, 0(SP)
0x9D0001FC	0x03E00008  JR	RA
0x9D000200	0x27BD000C  ADDIU	SP, SP, 12
; end of _I2C2_Stop
_I2C_Lcd_Cmd:
;I2C_LCD.c, 58 :: 		void I2C_Lcd_Cmd(UChar addr,Cmd_Type cmd,UChar col){
0x9D000638	0x27BDFFF4  ADDIU	SP, SP, -12
0x9D00063C	0xAFBF0000  SW	RA, 0(SP)
;I2C_LCD.c, 59 :: 		switch(cmd){
0x9D000640	0xAFBA0004  SW	R26, 4(SP)
0x9D000644	0x0B4001E6  J	L_I2C_Lcd_Cmd7
0x9D000648	0xAFBB0008  SW	R27, 8(SP)
;I2C_LCD.c, 60 :: 		case 1: I2C_LCD_goto(addr,LCD_LINE1 + 1,col); //_LCD_FIRST_ROW
L_I2C_Lcd_Cmd9:
0x9D00064C	0x0F4000B0  JAL	_I2C_LCD_goto+0
0x9D000650	0x341A0081  ORI	R26, R0, 129
;I2C_LCD.c, 61 :: 		break;
0x9D000654	0x0B400228  J	L_I2C_Lcd_Cmd8
0x9D000658	0x70000000  NOP	
;I2C_LCD.c, 62 :: 		case 2: I2C_LCD_goto(addr,LCD_LINE2 + 1,col);//_LCD_SECOND_ROW
L_I2C_Lcd_Cmd10:
0x9D00065C	0x0F4000B0  JAL	_I2C_LCD_goto+0
0x9D000660	0x341A00C1  ORI	R26, R0, 193
;I2C_LCD.c, 63 :: 		break;
0x9D000664	0x0B400228  J	L_I2C_Lcd_Cmd8
0x9D000668	0x70000000  NOP	
;I2C_LCD.c, 64 :: 		case 3: I2C_LCD_goto(addr,LCD_LINE3 + 1,col);//_LCD_THIRD_ROW
L_I2C_Lcd_Cmd11:
0x9D00066C	0x0F4000B0  JAL	_I2C_LCD_goto+0
0x9D000670	0x341A0095  ORI	R26, R0, 149
;I2C_LCD.c, 65 :: 		break;
0x9D000674	0x0B400228  J	L_I2C_Lcd_Cmd8
0x9D000678	0x70000000  NOP	
;I2C_LCD.c, 66 :: 		case 4: I2C_LCD_goto(addr,LCD_LINE4 + 1,col);//_LCD_FOURTH_ROW
L_I2C_Lcd_Cmd12:
0x9D00067C	0x0F4000B0  JAL	_I2C_LCD_goto+0
0x9D000680	0x341A00D5  ORI	R26, R0, 213
;I2C_LCD.c, 67 :: 		break;
0x9D000684	0x0B400228  J	L_I2C_Lcd_Cmd8
0x9D000688	0x70000000  NOP	
;I2C_LCD.c, 68 :: 		case 5: I2C_LCD_putcmd(addr,0x01,0);         //_LCD_CLEAR
L_I2C_Lcd_Cmd13:
0x9D00068C	0x0000D80A  MOVZ	R27, R0, R0
0x9D000690	0x0F4000EF  JAL	_I2C_LCD_putcmd+0
0x9D000694	0x341A0001  ORI	R26, R0, 1
;I2C_LCD.c, 69 :: 		delay_ms(10);
0x9D000698	0x3C180004  LUI	R24, 4
0x9D00069C	0x371811AA  ORI	R24, R24, 4522
L_I2C_Lcd_Cmd14:
0x9D0006A0	0x2718FFFF  ADDIU	R24, R24, -1
0x9D0006A4	0x1700FFFE  BNE	R24, R0, L_I2C_Lcd_Cmd14
0x9D0006A8	0x70000000  NOP	
;I2C_LCD.c, 70 :: 		break;
0x9D0006AC	0x0B400228  J	L_I2C_Lcd_Cmd8
0x9D0006B0	0x70000000  NOP	
;I2C_LCD.c, 71 :: 		case 6: I2C_LCD_putcmd(addr,0x02,0);         //_LCD_RETURN_HOME
L_I2C_Lcd_Cmd16:
0x9D0006B4	0x0000D80A  MOVZ	R27, R0, R0
0x9D0006B8	0x0F4000EF  JAL	_I2C_LCD_putcmd+0
0x9D0006BC	0x341A0002  ORI	R26, R0, 2
;I2C_LCD.c, 72 :: 		break;
0x9D0006C0	0x0B400228  J	L_I2C_Lcd_Cmd8
0x9D0006C4	0x70000000  NOP	
;I2C_LCD.c, 73 :: 		case 7: I2C_LCD_putcmd(addr,0x0C,0);         //_LCD_CURSOR_OFF
L_I2C_Lcd_Cmd17:
0x9D0006C8	0x0000D80A  MOVZ	R27, R0, R0
0x9D0006CC	0x0F4000EF  JAL	_I2C_LCD_putcmd+0
0x9D0006D0	0x341A000C  ORI	R26, R0, 12
;I2C_LCD.c, 74 :: 		break;
0x9D0006D4	0x0B400228  J	L_I2C_Lcd_Cmd8
0x9D0006D8	0x70000000  NOP	
;I2C_LCD.c, 75 :: 		case 8: I2C_LCD_putcmd(addr,0x0E,0);         //_LCD_UNDERLINE_ON
L_I2C_Lcd_Cmd18:
0x9D0006DC	0x0000D80A  MOVZ	R27, R0, R0
0x9D0006E0	0x0F4000EF  JAL	_I2C_LCD_putcmd+0
0x9D0006E4	0x341A000E  ORI	R26, R0, 14
;I2C_LCD.c, 76 :: 		break;
0x9D0006E8	0x0B400228  J	L_I2C_Lcd_Cmd8
0x9D0006EC	0x70000000  NOP	
;I2C_LCD.c, 77 :: 		case 9: I2C_LCD_putcmd(addr,0x0F,0);         //_LCD_BLINK_CURSOR_ON
L_I2C_Lcd_Cmd19:
0x9D0006F0	0x0000D80A  MOVZ	R27, R0, R0
0x9D0006F4	0x0F4000EF  JAL	_I2C_LCD_putcmd+0
0x9D0006F8	0x341A000F  ORI	R26, R0, 15
;I2C_LCD.c, 78 :: 		break;
0x9D0006FC	0x0B400228  J	L_I2C_Lcd_Cmd8
0x9D000700	0x70000000  NOP	
;I2C_LCD.c, 79 :: 		case 10: I2C_LCD_putcmd(addr,0x10,0);        //_LCD_MOVE_CURSOR_LEFT
L_I2C_Lcd_Cmd20:
0x9D000704	0x0000D80A  MOVZ	R27, R0, R0
0x9D000708	0x0F4000EF  JAL	_I2C_LCD_putcmd+0
0x9D00070C	0x341A0010  ORI	R26, R0, 16
;I2C_LCD.c, 80 :: 		break;
0x9D000710	0x0B400228  J	L_I2C_Lcd_Cmd8
0x9D000714	0x70000000  NOP	
;I2C_LCD.c, 81 :: 		case 11: I2C_LCD_putcmd(addr,0x14,0);        //_LCD_MOVE_CURSOR_RIGHT
L_I2C_Lcd_Cmd21:
0x9D000718	0x0000D80A  MOVZ	R27, R0, R0
0x9D00071C	0x0F4000EF  JAL	_I2C_LCD_putcmd+0
0x9D000720	0x341A0014  ORI	R26, R0, 20
;I2C_LCD.c, 82 :: 		break;
0x9D000724	0x0B400228  J	L_I2C_Lcd_Cmd8
0x9D000728	0x70000000  NOP	
;I2C_LCD.c, 83 :: 		case 12: I2C_LCD_putcmd(addr,0x0C,0);        //_LCD_TURN_ON
L_I2C_Lcd_Cmd22:
0x9D00072C	0x0000D80A  MOVZ	R27, R0, R0
0x9D000730	0x0F4000EF  JAL	_I2C_LCD_putcmd+0
0x9D000734	0x341A000C  ORI	R26, R0, 12
;I2C_LCD.c, 84 :: 		break;
0x9D000738	0x0B400228  J	L_I2C_Lcd_Cmd8
0x9D00073C	0x70000000  NOP	
;I2C_LCD.c, 85 :: 		case 13: I2C_LCD_putcmd(addr,0x08,0);        //_LCD_TURN_OFF
L_I2C_Lcd_Cmd23:
0x9D000740	0x0000D80A  MOVZ	R27, R0, R0
0x9D000744	0x0F4000EF  JAL	_I2C_LCD_putcmd+0
0x9D000748	0x341A0008  ORI	R26, R0, 8
;I2C_LCD.c, 86 :: 		break;
0x9D00074C	0x0B400228  J	L_I2C_Lcd_Cmd8
0x9D000750	0x70000000  NOP	
;I2C_LCD.c, 87 :: 		case 14: I2C_LCD_putcmd(addr,0x18,0);         //_LCD_SHIFT_LEFT
L_I2C_Lcd_Cmd24:
0x9D000754	0x0000D80A  MOVZ	R27, R0, R0
0x9D000758	0x0F4000EF  JAL	_I2C_LCD_putcmd+0
0x9D00075C	0x341A0018  ORI	R26, R0, 24
;I2C_LCD.c, 88 :: 		break;
0x9D000760	0x0B400228  J	L_I2C_Lcd_Cmd8
0x9D000764	0x70000000  NOP	
;I2C_LCD.c, 89 :: 		case 15: I2C_LCD_putcmd(addr,0x1C,0);        //_LCD_SHIFT_RIGHT
L_I2C_Lcd_Cmd25:
0x9D000768	0x0000D80A  MOVZ	R27, R0, R0
0x9D00076C	0x0F4000EF  JAL	_I2C_LCD_putcmd+0
0x9D000770	0x341A001C  ORI	R26, R0, 28
;I2C_LCD.c, 90 :: 		break;
0x9D000774	0x0B400228  J	L_I2C_Lcd_Cmd8
0x9D000778	0x70000000  NOP	
;I2C_LCD.c, 91 :: 		case 16: I2C_LCD_putcmd(addr,0x06,0);        //_LCD_INCREMENT_NO_SHIFT
L_I2C_Lcd_Cmd26:
0x9D00077C	0x0000D80A  MOVZ	R27, R0, R0
0x9D000780	0x0F4000EF  JAL	_I2C_LCD_putcmd+0
0x9D000784	0x341A0006  ORI	R26, R0, 6
;I2C_LCD.c, 92 :: 		break;
0x9D000788	0x0B400228  J	L_I2C_Lcd_Cmd8
0x9D00078C	0x70000000  NOP	
;I2C_LCD.c, 93 :: 		default:break;
L_I2C_Lcd_Cmd27:
0x9D000790	0x0B400228  J	L_I2C_Lcd_Cmd8
0x9D000794	0x70000000  NOP	
;I2C_LCD.c, 94 :: 		}
L_I2C_Lcd_Cmd7:
0x9D000798	0x334300FF  ANDI	R3, R26, 255
0x9D00079C	0x34020001  ORI	R2, R0, 1
0x9D0007A0	0x1062FFAA  BEQ	R3, R2, L_I2C_Lcd_Cmd9
0x9D0007A4	0x70000000  NOP	
L__I2C_Lcd_Cmd61:
0x9D0007A8	0x334300FF  ANDI	R3, R26, 255
0x9D0007AC	0x34020002  ORI	R2, R0, 2
0x9D0007B0	0x1062FFAA  BEQ	R3, R2, L_I2C_Lcd_Cmd10
0x9D0007B4	0x70000000  NOP	
L__I2C_Lcd_Cmd63:
0x9D0007B8	0x334300FF  ANDI	R3, R26, 255
0x9D0007BC	0x34020003  ORI	R2, R0, 3
0x9D0007C0	0x1062FFAA  BEQ	R3, R2, L_I2C_Lcd_Cmd11
0x9D0007C4	0x70000000  NOP	
L__I2C_Lcd_Cmd65:
0x9D0007C8	0x334300FF  ANDI	R3, R26, 255
0x9D0007CC	0x34020004  ORI	R2, R0, 4
0x9D0007D0	0x1062FFAA  BEQ	R3, R2, L_I2C_Lcd_Cmd12
0x9D0007D4	0x70000000  NOP	
L__I2C_Lcd_Cmd67:
0x9D0007D8	0x334300FF  ANDI	R3, R26, 255
0x9D0007DC	0x34020005  ORI	R2, R0, 5
0x9D0007E0	0x1062FFAA  BEQ	R3, R2, L_I2C_Lcd_Cmd13
0x9D0007E4	0x70000000  NOP	
L__I2C_Lcd_Cmd69:
0x9D0007E8	0x334300FF  ANDI	R3, R26, 255
0x9D0007EC	0x34020006  ORI	R2, R0, 6
0x9D0007F0	0x1062FFB0  BEQ	R3, R2, L_I2C_Lcd_Cmd16
0x9D0007F4	0x70000000  NOP	
L__I2C_Lcd_Cmd71:
0x9D0007F8	0x334300FF  ANDI	R3, R26, 255
0x9D0007FC	0x34020007  ORI	R2, R0, 7
0x9D000800	0x1062FFB1  BEQ	R3, R2, L_I2C_Lcd_Cmd17
0x9D000804	0x70000000  NOP	
L__I2C_Lcd_Cmd73:
0x9D000808	0x334300FF  ANDI	R3, R26, 255
0x9D00080C	0x34020008  ORI	R2, R0, 8
0x9D000810	0x1062FFB2  BEQ	R3, R2, L_I2C_Lcd_Cmd18
0x9D000814	0x70000000  NOP	
L__I2C_Lcd_Cmd75:
0x9D000818	0x334300FF  ANDI	R3, R26, 255
0x9D00081C	0x34020009  ORI	R2, R0, 9
0x9D000820	0x1062FFB3  BEQ	R3, R2, L_I2C_Lcd_Cmd19
0x9D000824	0x70000000  NOP	
L__I2C_Lcd_Cmd77:
0x9D000828	0x334300FF  ANDI	R3, R26, 255
0x9D00082C	0x3402000A  ORI	R2, R0, 10
0x9D000830	0x1062FFB4  BEQ	R3, R2, L_I2C_Lcd_Cmd20
0x9D000834	0x70000000  NOP	
L__I2C_Lcd_Cmd79:
0x9D000838	0x334300FF  ANDI	R3, R26, 255
0x9D00083C	0x3402000B  ORI	R2, R0, 11
0x9D000840	0x1062FFB5  BEQ	R3, R2, L_I2C_Lcd_Cmd21
0x9D000844	0x70000000  NOP	
L__I2C_Lcd_Cmd81:
0x9D000848	0x334300FF  ANDI	R3, R26, 255
0x9D00084C	0x3402000C  ORI	R2, R0, 12
0x9D000850	0x1062FFB6  BEQ	R3, R2, L_I2C_Lcd_Cmd22
0x9D000854	0x70000000  NOP	
L__I2C_Lcd_Cmd83:
0x9D000858	0x334300FF  ANDI	R3, R26, 255
0x9D00085C	0x3402000D  ORI	R2, R0, 13
0x9D000860	0x1062FFB7  BEQ	R3, R2, L_I2C_Lcd_Cmd23
0x9D000864	0x70000000  NOP	
L__I2C_Lcd_Cmd85:
0x9D000868	0x334300FF  ANDI	R3, R26, 255
0x9D00086C	0x3402000E  ORI	R2, R0, 14
0x9D000870	0x1062FFB8  BEQ	R3, R2, L_I2C_Lcd_Cmd24
0x9D000874	0x70000000  NOP	
L__I2C_Lcd_Cmd87:
0x9D000878	0x334300FF  ANDI	R3, R26, 255
0x9D00087C	0x3402000F  ORI	R2, R0, 15
0x9D000880	0x1062FFB9  BEQ	R3, R2, L_I2C_Lcd_Cmd25
0x9D000884	0x70000000  NOP	
L__I2C_Lcd_Cmd89:
0x9D000888	0x334300FF  ANDI	R3, R26, 255
0x9D00088C	0x34020010  ORI	R2, R0, 16
0x9D000890	0x1062FFBA  BEQ	R3, R2, L_I2C_Lcd_Cmd26
0x9D000894	0x70000000  NOP	
L__I2C_Lcd_Cmd91:
0x9D000898	0x0B4001E4  J	L_I2C_Lcd_Cmd27
0x9D00089C	0x70000000  NOP	
L_I2C_Lcd_Cmd8:
;I2C_LCD.c, 96 :: 		}
L_end_I2C_Lcd_Cmd:
0x9D0008A0	0x8FBB0008  LW	R27, 8(SP)
0x9D0008A4	0x8FBA0004  LW	R26, 4(SP)
0x9D0008A8	0x8FBF0000  LW	RA, 0(SP)
0x9D0008AC	0x03E00008  JR	RA
0x9D0008B0	0x27BD000C  ADDIU	SP, SP, 12
; end of _I2C_Lcd_Cmd
_I2C_LCD_goto:
;I2C_LCD.c, 44 :: 		void I2C_LCD_goto(UChar addr,UChar row, UChar col){
0x9D0002C0	0x27BDFFF4  ADDIU	SP, SP, -12
0x9D0002C4	0xAFBF0000  SW	RA, 0(SP)
;I2C_LCD.c, 45 :: 		switch(row){
0x9D0002C8	0xAFBA0004  SW	R26, 4(SP)
0x9D0002CC	0x0B4000D8  J	L_I2C_LCD_goto0
0x9D0002D0	0xAFBB0008  SW	R27, 8(SP)
;I2C_LCD.c, 46 :: 		case 1 : I2C_LCD_putcmd(addr,LCD_LINE1 + (col - 1), 0); break;
L_I2C_LCD_goto2:
0x9D0002D4	0x2762FFFF  ADDIU	R2, R27, -1
0x9D0002D8	0x24420080  ADDIU	R2, R2, 128
0x9D0002DC	0x0000D80A  MOVZ	R27, R0, R0
0x9D0002E0	0x0F4000EF  JAL	_I2C_LCD_putcmd+0
0x9D0002E4	0x305A00FF  ANDI	R26, R2, 255
0x9D0002E8	0x0B4000EA  J	L_I2C_LCD_goto1
0x9D0002EC	0x70000000  NOP	
;I2C_LCD.c, 47 :: 		case 2 : I2C_LCD_putcmd(addr,LCD_LINE2 + (col - 1), 0); break;
L_I2C_LCD_goto3:
0x9D0002F0	0x2762FFFF  ADDIU	R2, R27, -1
0x9D0002F4	0x244200C0  ADDIU	R2, R2, 192
0x9D0002F8	0x0000D80A  MOVZ	R27, R0, R0
0x9D0002FC	0x0F4000EF  JAL	_I2C_LCD_putcmd+0
0x9D000300	0x305A00FF  ANDI	R26, R2, 255
0x9D000304	0x0B4000EA  J	L_I2C_LCD_goto1
0x9D000308	0x70000000  NOP	
;I2C_LCD.c, 48 :: 		case 3 : I2C_LCD_putcmd(addr,LCD_LINE3 + (col - 1), 0); break;
L_I2C_LCD_goto4:
0x9D00030C	0x2762FFFF  ADDIU	R2, R27, -1
0x9D000310	0x24420094  ADDIU	R2, R2, 148
0x9D000314	0x0000D80A  MOVZ	R27, R0, R0
0x9D000318	0x0F4000EF  JAL	_I2C_LCD_putcmd+0
0x9D00031C	0x305A00FF  ANDI	R26, R2, 255
0x9D000320	0x0B4000EA  J	L_I2C_LCD_goto1
0x9D000324	0x70000000  NOP	
;I2C_LCD.c, 49 :: 		case 4 : I2C_LCD_putcmd(addr,LCD_LINE4 + (col - 1), 0); break;
L_I2C_LCD_goto5:
0x9D000328	0x2762FFFF  ADDIU	R2, R27, -1
0x9D00032C	0x244200D4  ADDIU	R2, R2, 212
0x9D000330	0x0000D80A  MOVZ	R27, R0, R0
0x9D000334	0x0F4000EF  JAL	_I2C_LCD_putcmd+0
0x9D000338	0x305A00FF  ANDI	R26, R2, 255
0x9D00033C	0x0B4000EA  J	L_I2C_LCD_goto1
0x9D000340	0x70000000  NOP	
;I2C_LCD.c, 50 :: 		default: I2C_LCD_putcmd(addr,LCD_LINE1 + (col - 1), 0); break;
L_I2C_LCD_goto6:
0x9D000344	0x2762FFFF  ADDIU	R2, R27, -1
0x9D000348	0x24420080  ADDIU	R2, R2, 128
0x9D00034C	0x0000D80A  MOVZ	R27, R0, R0
0x9D000350	0x0F4000EF  JAL	_I2C_LCD_putcmd+0
0x9D000354	0x305A00FF  ANDI	R26, R2, 255
0x9D000358	0x0B4000EA  J	L_I2C_LCD_goto1
0x9D00035C	0x70000000  NOP	
;I2C_LCD.c, 51 :: 		}
L_I2C_LCD_goto0:
0x9D000360	0x334300FF  ANDI	R3, R26, 255
0x9D000364	0x34020001  ORI	R2, R0, 1
0x9D000368	0x1062FFDA  BEQ	R3, R2, L_I2C_LCD_goto2
0x9D00036C	0x70000000  NOP	
L__I2C_LCD_goto52:
0x9D000370	0x334300FF  ANDI	R3, R26, 255
0x9D000374	0x34020002  ORI	R2, R0, 2
0x9D000378	0x1062FFDD  BEQ	R3, R2, L_I2C_LCD_goto3
0x9D00037C	0x70000000  NOP	
L__I2C_LCD_goto54:
0x9D000380	0x334300FF  ANDI	R3, R26, 255
0x9D000384	0x34020003  ORI	R2, R0, 3
0x9D000388	0x1062FFE0  BEQ	R3, R2, L_I2C_LCD_goto4
0x9D00038C	0x70000000  NOP	
L__I2C_LCD_goto56:
0x9D000390	0x334300FF  ANDI	R3, R26, 255
0x9D000394	0x34020004  ORI	R2, R0, 4
0x9D000398	0x1062FFE3  BEQ	R3, R2, L_I2C_LCD_goto5
0x9D00039C	0x70000000  NOP	
L__I2C_LCD_goto58:
0x9D0003A0	0x0B4000D1  J	L_I2C_LCD_goto6
0x9D0003A4	0x70000000  NOP	
L_I2C_LCD_goto1:
;I2C_LCD.c, 53 :: 		} // LCD_GOTO()
L_end_I2C_LCD_goto:
0x9D0003A8	0x8FBB0008  LW	R27, 8(SP)
0x9D0003AC	0x8FBA0004  LW	R26, 4(SP)
0x9D0003B0	0x8FBF0000  LW	RA, 0(SP)
0x9D0003B4	0x03E00008  JR	RA
0x9D0003B8	0x27BD000C  ADDIU	SP, SP, 12
; end of _I2C_LCD_goto
_I2C_LCD_Out:
;I2C_LCD.c, 119 :: 		void I2C_LCD_Out(UChar addr, UChar row, UChar col, UChar *s){
0x9D0008B4	0x27BDFFF4  ADDIU	SP, SP, -12
0x9D0008B8	0xAFBF0000  SW	RA, 0(SP)
;I2C_LCD.c, 120 :: 		I2C_LCD_goto(addr,row,col);
0x9D0008BC	0xAFBC0004  SW	R28, 4(SP)
0x9D0008C0	0x0F4000B0  JAL	_I2C_LCD_goto+0
0x9D0008C4	0xA3B90008  SB	R25, 8(SP)
0x9D0008C8	0x93B90008  LBU	R25, 8(SP)
0x9D0008CC	0x8FBC0004  LW	R28, 4(SP)
;I2C_LCD.c, 121 :: 		while(*s != 0 )I2C_LCD_putch(addr, *(s++));
L_I2C_LCD_Out28:
0x9D0008D0	0x93820000  LBU	R2, 0(R28)
0x9D0008D4	0x304200FF  ANDI	R2, R2, 255
0x9D0008D8	0x1040000E  BEQ	R2, R0, L_I2C_LCD_Out29
0x9D0008DC	0x70000000  NOP	
L__I2C_LCD_Out95:
0x9D0008E0	0xAFBC0004  SW	R28, 4(SP)
0x9D0008E4	0xA3BB0008  SB	R27, 8(SP)
0x9D0008E8	0xA3BA0009  SB	R26, 9(SP)
0x9D0008EC	0xA3B9000A  SB	R25, 10(SP)
0x9D0008F0	0x0F400126  JAL	_I2C_LCD_putch+0
0x9D0008F4	0x939A0000  LBU	R26, 0(R28)
0x9D0008F8	0x93B9000A  LBU	R25, 10(SP)
0x9D0008FC	0x93BA0009  LBU	R26, 9(SP)
0x9D000900	0x93BB0008  LBU	R27, 8(SP)
0x9D000904	0x8FBC0004  LW	R28, 4(SP)
0x9D000908	0x27820001  ADDIU	R2, R28, 1
0x9D00090C	0x0B400234  J	L_I2C_LCD_Out28
0x9D000910	0x0040E00A  MOVZ	R28, R2, R0
L_I2C_LCD_Out29:
;I2C_LCD.c, 122 :: 		}
L_end_I2C_LCD_Out:
0x9D000914	0x8FBF0000  LW	RA, 0(SP)
0x9D000918	0x03E00008  JR	RA
0x9D00091C	0x27BD000C  ADDIU	SP, SP, 12
; end of _I2C_LCD_Out
_I2C_LCD_putch:
;I2C_LCD.c, 101 :: 		void I2C_LCD_putch(UChar addr, UChar dta){
0x9D000498	0x27BDFFF4  ADDIU	SP, SP, -12
0x9D00049C	0xAFBF0000  SW	RA, 0(SP)
;I2C_LCD.c, 104 :: 		lcddata = HI_NIBBLE(dta)|LCD_BL|LCD_RS; // Get high nibble
0x9D0004A0	0xAFBA0004  SW	R26, 4(SP)
0x9D0004A4	0x334200F0  ANDI	R2, R26, 240
0x9D0004A8	0x34420008  ORI	R2, R2, 8
0x9D0004AC	0x34420001  ORI	R2, R2, 1
0x9D0004B0	0xA3A2000A  SB	R2, 10(SP)
;I2C_LCD.c, 105 :: 		I2C_PCF8574_Write(addr,lcddata & 0X08);
0x9D0004B4	0x30420008  ANDI	R2, R2, 8
0x9D0004B8	0xA3BA0008  SB	R26, 8(SP)
0x9D0004BC	0xA3B90009  SB	R25, 9(SP)
0x9D0004C0	0x0F400081  JAL	_I2C_PCF8574_Write+0
0x9D0004C4	0x305A00FF  ANDI	R26, R2, 255
0x9D0004C8	0x93B90009  LBU	R25, 9(SP)
;I2C_LCD.c, 106 :: 		I2C_PCF8574_Write(addr,lcddata | LCD_EN); // Send it!
0x9D0004CC	0x93A2000A  LBU	R2, 10(SP)
0x9D0004D0	0x34420004  ORI	R2, R2, 4
0x9D0004D4	0xA3B90009  SB	R25, 9(SP)
0x9D0004D8	0x0F400081  JAL	_I2C_PCF8574_Write+0
0x9D0004DC	0x305A00FF  ANDI	R26, R2, 255
0x9D0004E0	0x93B90009  LBU	R25, 9(SP)
;I2C_LCD.c, 107 :: 		I2C_PCF8574_Write(addr,lcddata & ~LCD_EN); // Reset LCD bus
0x9D0004E4	0x93A3000A  LBU	R3, 10(SP)
0x9D0004E8	0x340200FB  ORI	R2, R0, 251
0x9D0004EC	0x00621024  AND	R2, R3, R2
0x9D0004F0	0xA3B90009  SB	R25, 9(SP)
0x9D0004F4	0x0F400081  JAL	_I2C_PCF8574_Write+0
0x9D0004F8	0x305A00FF  ANDI	R26, R2, 255
0x9D0004FC	0x93B90009  LBU	R25, 9(SP)
0x9D000500	0x93BA0008  LBU	R26, 8(SP)
;I2C_LCD.c, 109 :: 		lcddata = LO_NIBBLE(dta)|LCD_BL|LCD_RS; // Get low nibble
0x9D000504	0x334200FF  ANDI	R2, R26, 255
0x9D000508	0x00021100  SLL	R2, R2, 4
0x9D00050C	0x304200F0  ANDI	R2, R2, 240
0x9D000510	0x34420008  ORI	R2, R2, 8
0x9D000514	0x34420001  ORI	R2, R2, 1
0x9D000518	0xA3A2000A  SB	R2, 10(SP)
;I2C_LCD.c, 110 :: 		I2C_PCF8574_Write(addr,lcddata & 0X08);
0x9D00051C	0x30420008  ANDI	R2, R2, 8
0x9D000520	0xA3B90008  SB	R25, 8(SP)
0x9D000524	0x0F400081  JAL	_I2C_PCF8574_Write+0
0x9D000528	0x305A00FF  ANDI	R26, R2, 255
0x9D00052C	0x93B90008  LBU	R25, 8(SP)
;I2C_LCD.c, 111 :: 		I2C_PCF8574_Write(addr,lcddata | LCD_EN); // Send it!
0x9D000530	0x93A2000A  LBU	R2, 10(SP)
0x9D000534	0x34420004  ORI	R2, R2, 4
0x9D000538	0xA3B90008  SB	R25, 8(SP)
0x9D00053C	0x0F400081  JAL	_I2C_PCF8574_Write+0
0x9D000540	0x305A00FF  ANDI	R26, R2, 255
0x9D000544	0x93B90008  LBU	R25, 8(SP)
;I2C_LCD.c, 112 :: 		I2C_PCF8574_Write(addr,lcddata & ~LCD_EN); // Reset LCD bus
0x9D000548	0x93A3000A  LBU	R3, 10(SP)
0x9D00054C	0x340200FB  ORI	R2, R0, 251
0x9D000550	0x00621024  AND	R2, R3, R2
0x9D000554	0x0F400081  JAL	_I2C_PCF8574_Write+0
0x9D000558	0x305A00FF  ANDI	R26, R2, 255
;I2C_LCD.c, 113 :: 		} // LCD_putch()
L_end_I2C_LCD_putch:
0x9D00055C	0x8FBA0004  LW	R26, 4(SP)
0x9D000560	0x8FBF0000  LW	RA, 0(SP)
0x9D000564	0x03E00008  JR	RA
0x9D000568	0x27BD000C  ADDIU	SP, SP, 12
; end of _I2C_LCD_putch
___BootStartUp:
;__Lib_System.c, 68 :: 		
0xBFC00000	0x27BDFFFC  ADDIU	SP, SP, -4
;__Lib_System.c, 72 :: 		
0xBFC00004	0x70000000  NOP	
;__Lib_System.c, 73 :: 		
0xBFC00008	0x70000000  NOP	
;__Lib_System.c, 74 :: 		
0xBFC0000C	0x70000000  NOP	
;__Lib_System.c, 75 :: 		
0xBFC00010	0x70000000  NOP	
;__Lib_System.c, 76 :: 		
0xBFC00014	0x70000000  NOP	
;__Lib_System.c, 77 :: 		
0xBFC00018	0x70000000  NOP	
;__Lib_System.c, 78 :: 		
0xBFC0001C	0x70000000  NOP	
;__Lib_System.c, 79 :: 		
0xBFC00020	0x70000000  NOP	
;__Lib_System.c, 80 :: 		
0xBFC00024	0x70000000  NOP	
;__Lib_System.c, 81 :: 		
0xBFC00028	0x70000000  NOP	
;__Lib_System.c, 82 :: 		
0xBFC0002C	0x70000000  NOP	
;__Lib_System.c, 83 :: 		
0xBFC00030	0x70000000  NOP	
;__Lib_System.c, 84 :: 		
0xBFC00034	0x70000000  NOP	
;__Lib_System.c, 85 :: 		
0xBFC00038	0x70000000  NOP	
;__Lib_System.c, 86 :: 		
0xBFC0003C	0x70000000  NOP	
;__Lib_System.c, 87 :: 		
0xBFC00040	0x70000000  NOP	
;__Lib_System.c, 88 :: 		
0xBFC00044	0x70000000  NOP	
;__Lib_System.c, 89 :: 		
0xBFC00048	0x70000000  NOP	
;__Lib_System.c, 90 :: 		
0xBFC0004C	0x70000000  NOP	
;__Lib_System.c, 91 :: 		
0xBFC00050	0x70000000  NOP	
;__Lib_System.c, 94 :: 		
0xBFC00054	0x3C1DA000  LUI	SP, 40960
0xBFC00058	0x37BD7FFC  ORI	SP, SP, 32764
;__Lib_System.c, 95 :: 		
0xBFC0005C	0x3C01A000  LUI	GP, 40960
0xBFC00060	0x34218000  ORI	GP, GP, 32768
;__Lib_System.c, 99 :: 		
0xBFC00064	0x401E6002  MFC0	R30, 12, 2
;__Lib_System.c, 100 :: 		
0xBFC00068	0x03C0E00A  MOVZ	R28, R30, R0
;__Lib_System.c, 101 :: 		
0xBFC0006C	0x7FDB1E80  EXT	R27, R30, 26, 4
;__Lib_System.c, 102 :: 		
0xBFC00070	0x7F7E4984  INS	R30, R27, 6, 4
;__Lib_System.c, 103 :: 		
0xBFC00074	0x409E6002  MTC0	R30, 12, 2
;__Lib_System.c, 104 :: 		
0xBFC00078	0x41C10800  WRPGPR	GP, GP
;__Lib_System.c, 105 :: 		
0xBFC0007C	0x409C6002  MTC0	R28, 12, 2
;__Lib_System.c, 111 :: 		
0xBFC00080	0x3C02A421  LUI	R2, 42017
0xBFC00084	0x34420583  ORI	R2, R2, 1411
0xBFC00088	0x0040F00A  MOVZ	R30, R2, R0
0xBFC0008C	0x409E8000  MTC0	R30, 16, 0
;__Lib_System.c, 114 :: 		
0xBFC00090	0x0000100A  MOVZ	R2, R0, R0
0xBFC00094	0x0040F00A  MOVZ	R30, R2, R0
0xBFC00098	0x409E4800  MTC0	R30, 9, 0
;__Lib_System.c, 117 :: 		
0xBFC0009C	0x3C02FFFF  LUI	R2, 65535
0xBFC000A0	0x3442FFFF  ORI	R2, R2, 65535
0xBFC000A4	0x0040F00A  MOVZ	R30, R2, R0
0xBFC000A8	0x409E5800  MTC0	R30, 11, 0
;__Lib_System.c, 119 :: 		
0xBFC000AC	0x3C029FC0  LUI	R2, 40896
0xBFC000B0	0x34421000  ORI	R2, R2, 4096
0xBFC000B4	0x0040F00A  MOVZ	R30, R2, R0
0xBFC000B8	0x409E7801  MTC0	R30, 15, 1
;__Lib_System.c, 121 :: 		
0xBFC000BC	0x34020020  ORI	R2, R0, 32
0xBFC000C0	0x0040F00A  MOVZ	R30, R2, R0
0xBFC000C4	0x409E6001  MTC0	R30, 12, 1
;__Lib_System.c, 123 :: 		
0xBFC000C8	0x3C020400  LUI	R2, 1024
0xBFC000CC	0x0040F00A  MOVZ	R30, R2, R0
0xBFC000D0	0x409E6002  MTC0	R30, 12, 2
;__Lib_System.c, 124 :: 		
0xBFC000D4	0x0000100A  MOVZ	R2, R0, R0
0xBFC000D8	0x0040F00A  MOVZ	R30, R2, R0
0xBFC000DC	0x409E6003  MTC0	R30, 12, 3
;__Lib_System.c, 129 :: 		
0xBFC000E0	0x3C020010  LUI	R2, 16
0xBFC000E4	0x0040F00A  MOVZ	R30, R2, R0
0xBFC000E8	0x409E6000  MTC0	R30, 12, 0
;__Lib_System.c, 132 :: 		
0xBFC000EC	0x34020032  ORI	R2, R0, 50
0xBFC000F0	0x3C1EBF88  LUI	R30, 49032
0xBFC000F4	0xAFC24000  SW	R2, 16384(R30)
;__Lib_System.c, 137 :: 		
0xBFC000F8	0x34021000  ORI	R2, R0, 4096
0xBFC000FC	0x3C1EBF88  LUI	R30, 49032
0xBFC00100	0xAFC21000  SW	R2, 4096(R30)
;__Lib_System.c, 143 :: 		
0xBFC00104	0x3C020080  LUI	R2, 128
0xBFC00108	0x0040F00A  MOVZ	R30, R2, R0
0xBFC0010C	0x409E6800  MTC0	R30, 13, 0
;__Lib_System.c, 149 :: 		
0xBFC00110	0x3C1E9D00  LUI	R30, hi_addr(_main+0)
;__Lib_System.c, 150 :: 		
0xBFC00114	0x37DE0BB0  ORI	R30, R30, lo_addr(_main+0)
;__Lib_System.c, 152 :: 		
0xBFC00118	0x03C00008  JR	R30
;__Lib_System.c, 153 :: 		
0xBFC0011C	0x70000000  NOP	
;__Lib_System.c, 155 :: 		
L_end___BootStartUp:
0xBFC00120	0x03E00008  JR	RA
0xBFC00124	0x27BD0004  ADDIU	SP, SP, 4
; end of ___BootStartUp
___BootGenExcept:
;__Lib_System.c, 56 :: 		
0x9D000B98	0x27BDFFFC  ADDIU	SP, SP, -4
;__Lib_System.c, 57 :: 		
L___BootGenExcept6:
;__Lib_System.c, 58 :: 		
0x9D000B9C	0x0B4002E7  J	L___BootGenExcept6
0x9D000BA0	0x70000000  NOP	
;__Lib_System.c, 59 :: 		
L_end___BootGenExcept:
0x9D000BA4	0x27BD0004  ADDIU	SP, SP, 4
0x9D000BA8	0x42000018  ERET	
0x9D000BAC	0x70000000  NOP	
; end of ___BootGenExcept
___GenExcept:
;__Lib_System.c, 61 :: 		
0x9D000B80	0x27BDFFFC  ADDIU	SP, SP, -4
;__Lib_System.c, 62 :: 		
L___GenExcept8:
;__Lib_System.c, 63 :: 		
0x9D000B84	0x0B4002E1  J	L___GenExcept8
0x9D000B88	0x70000000  NOP	
;__Lib_System.c, 64 :: 		
L_end___GenExcept:
0x9D000B8C	0x27BD0004  ADDIU	SP, SP, 4
0x9D000B90	0x42000018  ERET	
0x9D000B94	0x70000000  NOP	
; end of ___GenExcept
0x9D000DCC	0x03E0C80A  MOVZ	R25, RA, R0
0x9D000DD0	0x3C17A000  LUI	R23, 40960
0x9D000DD4	0x36F70000  ORI	R23, R23, 0
0x9D000DD8	0x3C16A000  LUI	R22, 40960
0x9D000DDC	0x36D6000D  ORI	R22, R22, 13
0x9D000DE0	0x3C189D00  LUI	R24, 40192
0x9D000DE4	0x37180DB8  ORI	R24, R24, 3512
0x9D000DE8	0x0F400248  JAL	___CC2DW
0x9D000DEC	0x70000000  NOP	
0x9D000DF0	0x3C17A000  LUI	R23, 40960
0x9D000DF4	0x36F70010  ORI	R23, R23, 16
0x9D000DF8	0x3C16A000  LUI	R22, 40960
0x9D000DFC	0x36D60014  ORI	R22, R22, 20
0x9D000E00	0x3C189D00  LUI	R24, 40192
0x9D000E04	0x37180DC8  ORI	R24, R24, 3528
0x9D000E08	0x0F400248  JAL	___CC2DW
0x9D000E0C	0x70000000  NOP	
0x9D000E10	0x0320F80A  MOVZ	RA, R25, R0
0x9D000E14	0x03E00008  JR	RA
0x9D000E18	0x70000000  NOP	
0x9D000E78	0x03E0C80A  MOVZ	R25, RA, R0
0x9D000E7C	0x3C17A000  LUI	R23, 40960
0x9D000E80	0x36F70000  ORI	R23, R23, 0
0x9D000E84	0x3C16A000  LUI	R22, 40960
0x9D000E88	0x36D60030  ORI	R22, R22, 48
0x9D000E8C	0x0F400250  JAL	___FillZeros
0x9D000E90	0x70000000  NOP	
0x9D000E94	0x0320F80A  MOVZ	RA, R25, R0
0x9D000E98	0x03E00008  JR	RA
0x9D000E9C	0x70000000  NOP	
;,0 :: _initBlock_0 [13]
; Containing: ?ICS_LCD_01_ADDRESS [1]
;             ?ICS_txt [12]
0x9D000DB8	0x6C65484E ;_initBlock_0+0 : ?ICS_LCD_01_ADDRESS at 0x9D000DB8 : ?ICS_txt at 0x9D000DB9
0x9D000DBC	0x57206F6C ;_initBlock_0+4
0x9D000DC0	0x646C726F ;_initBlock_0+8
0x9D000DC4	0x00 ;_initBlock_0+12
; end of _initBlock_0
;__Lib_I2C_12.c,0 :: ?ICS__Lib_I2C_12__I2C2_TIMEOUT [4]
0x9D000DC8	0x00000000 ;?ICS__Lib_I2C_12__I2C2_TIMEOUT+0
; end of ?ICS__Lib_I2C_12__I2C2_TIMEOUT
Symbol List:
//** Routines locations **
//ADDRESS    SIZE    PROCEDURE
//----------------------------------------------
0x9D000000     [196]    _I2C2_Write
0x9D0000C4     [176]    _I2C2_Start
0x9D000174     [144]    _I2C2_Stop
0x9D000204      [68]    _I2C_PCF8574_Write
0x9D000248     [120]    _I2C2_Is_Idle
0x9D0002C0     [252]    _I2C_LCD_goto
0x9D0003BC     [220]    _I2C_LCD_putcmd
0x9D000498     [212]    _I2C_LCD_putch
0x9D00056C      [16]    _Get_Fosc_kHz
0x9D00057C      [84]    __Lib_I2C_12_SetI2C2Ptrs
0x9D0005D0     [104]    __Lib_I2C_12_I2C2_Wait_For_Idle
0x9D000638     [636]    _I2C_Lcd_Cmd
0x9D0008B4     [108]    _I2C_LCD_Out
0x9D000920      [32]    ___CC2DW
0x9D000940      [32]    ___FillZeros
0x9D000960      [44]    _I2C_Set_Active
0x9D00098C     [396]    _I2C_LCD_init
0x9D000B18     [104]    _I2C2_Init
0x9D000B80      [24]    ___GenExcept
0x9D000B98      [24]    ___BootGenExcept
0x9D000BB0     [520]    _main
0xBFC00000     [296]    ___BootStartUp
//** Variables locations ** 
//ADDRESS    SIZE    VARIABLE
//----------------------------------------------
0xA0000000       [1]    _LCD_01_ADDRESS
0xA0000001      [12]    _txt
0xA0000010       [4]    __Lib_I2C_12__I2C2_TIMEOUT
0xA0000014       [4]    _I2C_Write_Ptr
0xA0000018       [4]    _I2C_Read_Ptr
0xA000001C       [4]    _I2C_Stop_Ptr
0xA0000020       [4]    _I2C2_Timeout_Ptr
0xA0000024       [4]    _I2C_Is_Idle_Ptr
0xA0000028       [4]    _I2C_Restart_Ptr
0xA000002C       [4]    _I2C_Start_Ptr
//** Constants locations ** 
//ADDRESS    SIZE    CONSTANT
//----------------------------------------------
0x9D000DB8       [1]    ?ICS_LCD_01_ADDRESS
0x9D000DB9      [12]    ?ICS_txt
0x9D000DC8       [4]    ?ICS__Lib_I2C_12__I2C2_TIMEOUT
